This is pdfTeX, Version 3.14159265-2.6-1.40.16 (TeX Live 2015) (preloaded format=pdflatex 2015.5.24)  4 DEC 2018 18:44
entering extended mode
 restricted \write18 enabled.
 %&-line parsing enabled.
**pcalnote
(./pcalnote.tex
LaTeX2e <2015/01/01>
Babel <3.9l> and hyphenation patterns for 79 languages loaded.
(/usr/local/texlive/2015/texmf-dist/tex/latex/base/article.cls
Document Class: article 2014/09/29 v1.4h Standard LaTeX document class
(/usr/local/texlive/2015/texmf-dist/tex/latex/base/size10.clo
File: size10.clo 2014/09/29 v1.4h Standard LaTeX file (size option)
)
\c@part=\count79
\c@section=\count80
\c@subsection=\count81
\c@subsubsection=\count82
\c@paragraph=\count83
\c@subparagraph=\count84
\c@figure=\count85
\c@table=\count86
\abovecaptionskip=\skip41
\belowcaptionskip=\skip42
\bibindent=\dimen102
)
(/usr/local/texlive/2015/texmf-dist/tex/latex/base/inputenc.sty
Package: inputenc 2015/03/17 v1.2c Input encoding file
\inpenc@prehook=\toks14
\inpenc@posthook=\toks15

(/usr/local/texlive/2015/texmf-dist/tex/latex/base/utf8.def
File: utf8.def 2014/09/29 v1.1m UTF-8 support for inputenc
Now handling font encoding OML ...
... no UTF-8 mapping file for font encoding OML
Now handling font encoding T1 ...
... processing UTF-8 mapping file for font encoding T1

(/usr/local/texlive/2015/texmf-dist/tex/latex/base/t1enc.dfu
File: t1enc.dfu 2014/09/29 v1.1m UTF-8 support for inputenc
   defining Unicode char U+00A1 (decimal 161)
   defining Unicode char U+00A3 (decimal 163)
   defining Unicode char U+00AB (decimal 171)
   defining Unicode char U+00BB (decimal 187)
   defining Unicode char U+00BF (decimal 191)
   defining Unicode char U+00C0 (decimal 192)
   defining Unicode char U+00C1 (decimal 193)
   defining Unicode char U+00C2 (decimal 194)
   defining Unicode char U+00C3 (decimal 195)
   defining Unicode char U+00C4 (decimal 196)
   defining Unicode char U+00C5 (decimal 197)
   defining Unicode char U+00C6 (decimal 198)
   defining Unicode char U+00C7 (decimal 199)
   defining Unicode char U+00C8 (decimal 200)
   defining Unicode char U+00C9 (decimal 201)
   defining Unicode char U+00CA (decimal 202)
   defining Unicode char U+00CB (decimal 203)
   defining Unicode char U+00CC (decimal 204)
   defining Unicode char U+00CD (decimal 205)
   defining Unicode char U+00CE (decimal 206)
   defining Unicode char U+00CF (decimal 207)
   defining Unicode char U+00D0 (decimal 208)
   defining Unicode char U+00D1 (decimal 209)
   defining Unicode char U+00D2 (decimal 210)
   defining Unicode char U+00D3 (decimal 211)
   defining Unicode char U+00D4 (decimal 212)
   defining Unicode char U+00D5 (decimal 213)
   defining Unicode char U+00D6 (decimal 214)
   defining Unicode char U+00D8 (decimal 216)
   defining Unicode char U+00D9 (decimal 217)
   defining Unicode char U+00DA (decimal 218)
   defining Unicode char U+00DB (decimal 219)
   defining Unicode char U+00DC (decimal 220)
   defining Unicode char U+00DD (decimal 221)
   defining Unicode char U+00DE (decimal 222)
   defining Unicode char U+00DF (decimal 223)
   defining Unicode char U+00E0 (decimal 224)
   defining Unicode char U+00E1 (decimal 225)
   defining Unicode char U+00E2 (decimal 226)
   defining Unicode char U+00E3 (decimal 227)
   defining Unicode char U+00E4 (decimal 228)
   defining Unicode char U+00E5 (decimal 229)
   defining Unicode char U+00E6 (decimal 230)
   defining Unicode char U+00E7 (decimal 231)
   defining Unicode char U+00E8 (decimal 232)
   defining Unicode char U+00E9 (decimal 233)
   defining Unicode char U+00EA (decimal 234)
   defining Unicode char U+00EB (decimal 235)
   defining Unicode char U+00EC (decimal 236)
   defining Unicode char U+00ED (decimal 237)
   defining Unicode char U+00EE (decimal 238)
   defining Unicode char U+00EF (decimal 239)
   defining Unicode char U+00F0 (decimal 240)
   defining Unicode char U+00F1 (decimal 241)
   defining Unicode char U+00F2 (decimal 242)
   defining Unicode char U+00F3 (decimal 243)
   defining Unicode char U+00F4 (decimal 244)
   defining Unicode char U+00F5 (decimal 245)
   defining Unicode char U+00F6 (decimal 246)
   defining Unicode char U+00F8 (decimal 248)
   defining Unicode char U+00F9 (decimal 249)
   defining Unicode char U+00FA (decimal 250)
   defining Unicode char U+00FB (decimal 251)
   defining Unicode char U+00FC (decimal 252)
   defining Unicode char U+00FD (decimal 253)
   defining Unicode char U+00FE (decimal 254)
   defining Unicode char U+00FF (decimal 255)
   defining Unicode char U+0102 (decimal 258)
   defining Unicode char U+0103 (decimal 259)
   defining Unicode char U+0104 (decimal 260)
   defining Unicode char U+0105 (decimal 261)
   defining Unicode char U+0106 (decimal 262)
   defining Unicode char U+0107 (decimal 263)
   defining Unicode char U+010C (decimal 268)
   defining Unicode char U+010D (decimal 269)
   defining Unicode char U+010E (decimal 270)
   defining Unicode char U+010F (decimal 271)
   defining Unicode char U+0110 (decimal 272)
   defining Unicode char U+0111 (decimal 273)
   defining Unicode char U+0118 (decimal 280)
   defining Unicode char U+0119 (decimal 281)
   defining Unicode char U+011A (decimal 282)
   defining Unicode char U+011B (decimal 283)
   defining Unicode char U+011E (decimal 286)
   defining Unicode char U+011F (decimal 287)
   defining Unicode char U+0130 (decimal 304)
   defining Unicode char U+0131 (decimal 305)
   defining Unicode char U+0132 (decimal 306)
   defining Unicode char U+0133 (decimal 307)
   defining Unicode char U+0139 (decimal 313)
   defining Unicode char U+013A (decimal 314)
   defining Unicode char U+013D (decimal 317)
   defining Unicode char U+013E (decimal 318)
   defining Unicode char U+0141 (decimal 321)
   defining Unicode char U+0142 (decimal 322)
   defining Unicode char U+0143 (decimal 323)
   defining Unicode char U+0144 (decimal 324)
   defining Unicode char U+0147 (decimal 327)
   defining Unicode char U+0148 (decimal 328)
   defining Unicode char U+014A (decimal 330)
   defining Unicode char U+014B (decimal 331)
   defining Unicode char U+0150 (decimal 336)
   defining Unicode char U+0151 (decimal 337)
   defining Unicode char U+0152 (decimal 338)
   defining Unicode char U+0153 (decimal 339)
   defining Unicode char U+0154 (decimal 340)
   defining Unicode char U+0155 (decimal 341)
   defining Unicode char U+0158 (decimal 344)
   defining Unicode char U+0159 (decimal 345)
   defining Unicode char U+015A (decimal 346)
   defining Unicode char U+015B (decimal 347)
   defining Unicode char U+015E (decimal 350)
   defining Unicode char U+015F (decimal 351)
   defining Unicode char U+0160 (decimal 352)
   defining Unicode char U+0161 (decimal 353)
   defining Unicode char U+0162 (decimal 354)
   defining Unicode char U+0163 (decimal 355)
   defining Unicode char U+0164 (decimal 356)
   defining Unicode char U+0165 (decimal 357)
   defining Unicode char U+016E (decimal 366)
   defining Unicode char U+016F (decimal 367)
   defining Unicode char U+0170 (decimal 368)
   defining Unicode char U+0171 (decimal 369)
   defining Unicode char U+0178 (decimal 376)
   defining Unicode char U+0179 (decimal 377)
   defining Unicode char U+017A (decimal 378)
   defining Unicode char U+017B (decimal 379)
   defining Unicode char U+017C (decimal 380)
   defining Unicode char U+017D (decimal 381)
   defining Unicode char U+017E (decimal 382)
   defining Unicode char U+200C (decimal 8204)
   defining Unicode char U+2013 (decimal 8211)
   defining Unicode char U+2014 (decimal 8212)
   defining Unicode char U+2018 (decimal 8216)
   defining Unicode char U+2019 (decimal 8217)
   defining Unicode char U+201A (decimal 8218)
   defining Unicode char U+201C (decimal 8220)
   defining Unicode char U+201D (decimal 8221)
   defining Unicode char U+201E (decimal 8222)
   defining Unicode char U+2030 (decimal 8240)
   defining Unicode char U+2031 (decimal 8241)
   defining Unicode char U+2039 (decimal 8249)
   defining Unicode char U+203A (decimal 8250)
   defining Unicode char U+2423 (decimal 9251)
)
Now handling font encoding OT1 ...
... processing UTF-8 mapping file for font encoding OT1

(/usr/local/texlive/2015/texmf-dist/tex/latex/base/ot1enc.dfu
File: ot1enc.dfu 2014/09/29 v1.1m UTF-8 support for inputenc
   defining Unicode char U+00A1 (decimal 161)
   defining Unicode char U+00A3 (decimal 163)
   defining Unicode char U+00B8 (decimal 184)
   defining Unicode char U+00BF (decimal 191)
   defining Unicode char U+00C5 (decimal 197)
   defining Unicode char U+00C6 (decimal 198)
   defining Unicode char U+00D8 (decimal 216)
   defining Unicode char U+00DF (decimal 223)
   defining Unicode char U+00E6 (decimal 230)
   defining Unicode char U+00EC (decimal 236)
   defining Unicode char U+00ED (decimal 237)
   defining Unicode char U+00EE (decimal 238)
   defining Unicode char U+00EF (decimal 239)
   defining Unicode char U+00F8 (decimal 248)
   defining Unicode char U+0131 (decimal 305)
   defining Unicode char U+0141 (decimal 321)
   defining Unicode char U+0142 (decimal 322)
   defining Unicode char U+0152 (decimal 338)
   defining Unicode char U+0153 (decimal 339)
   defining Unicode char U+2013 (decimal 8211)
   defining Unicode char U+2014 (decimal 8212)
   defining Unicode char U+2018 (decimal 8216)
   defining Unicode char U+2019 (decimal 8217)
   defining Unicode char U+201C (decimal 8220)
   defining Unicode char U+201D (decimal 8221)
)
Now handling font encoding OMS ...
... processing UTF-8 mapping file for font encoding OMS

(/usr/local/texlive/2015/texmf-dist/tex/latex/base/omsenc.dfu
File: omsenc.dfu 2014/09/29 v1.1m UTF-8 support for inputenc
   defining Unicode char U+00A7 (decimal 167)
   defining Unicode char U+00B6 (decimal 182)
   defining Unicode char U+00B7 (decimal 183)
   defining Unicode char U+2020 (decimal 8224)
   defining Unicode char U+2021 (decimal 8225)
   defining Unicode char U+2022 (decimal 8226)
)
Now handling font encoding OMX ...
... no UTF-8 mapping file for font encoding OMX
Now handling font encoding U ...
... no UTF-8 mapping file for font encoding U
   defining Unicode char U+00A9 (decimal 169)
   defining Unicode char U+00AA (decimal 170)
   defining Unicode char U+00AE (decimal 174)
   defining Unicode char U+00BA (decimal 186)
   defining Unicode char U+02C6 (decimal 710)
   defining Unicode char U+02DC (decimal 732)
   defining Unicode char U+200C (decimal 8204)
   defining Unicode char U+2026 (decimal 8230)
   defining Unicode char U+2122 (decimal 8482)
   defining Unicode char U+2423 (decimal 9251)
))
(/usr/local/texlive/2015/texmf-dist/tex/latex/tocloft/tocloft.sty
Package: tocloft 2013/05/02 v2.3f parameterised ToC, etc., typesetting
Package tocloft Info: The document has section divisions on input line 44.
\cftparskip=\skip43
\cftbeforetoctitleskip=\skip44
\cftaftertoctitleskip=\skip45
\cftbeforepartskip=\skip46
\cftpartnumwidth=\skip47
\cftpartindent=\skip48
\cftbeforesecskip=\skip49
\cftsecindent=\skip50
\cftsecnumwidth=\skip51
\cftbeforesubsecskip=\skip52
\cftsubsecindent=\skip53
\cftsubsecnumwidth=\skip54
\cftbeforesubsubsecskip=\skip55
\cftsubsubsecindent=\skip56
\cftsubsubsecnumwidth=\skip57
\cftbeforeparaskip=\skip58
\cftparaindent=\skip59
\cftparanumwidth=\skip60
\cftbeforesubparaskip=\skip61
\cftsubparaindent=\skip62
\cftsubparanumwidth=\skip63
\cftbeforeloftitleskip=\skip64
\cftafterloftitleskip=\skip65
\cftbeforefigskip=\skip66
\cftfigindent=\skip67
\cftfignumwidth=\skip68
\c@lofdepth=\count87
\c@lotdepth=\count88
\cftbeforelottitleskip=\skip69
\cftafterlottitleskip=\skip70
\cftbeforetabskip=\skip71
\cfttabindent=\skip72
\cfttabnumwidth=\skip73
)
(/usr/local/texlive/2015/texmf-dist/tex/latex/url/url.sty
\Urlmuskip=\muskip10
Package: url 2013/09/16  ver 3.4  Verb mode for urls, etc.
)
(/usr/local/texlive/2015/texmf-dist/tex/latex/geometry/geometry.sty
Package: geometry 2010/09/12 v5.6 Page Geometry

(/usr/local/texlive/2015/texmf-dist/tex/latex/graphics/keyval.sty
Package: keyval 2014/10/28 v1.15 key=value parser (DPC)
\KV@toks@=\toks16
)
(/usr/local/texlive/2015/texmf-dist/tex/generic/oberdiek/ifpdf.sty
Package: ifpdf 2011/01/30 v2.3 Provides the ifpdf switch (HO)
Package ifpdf Info: pdfTeX in PDF mode is detected.
)
(/usr/local/texlive/2015/texmf-dist/tex/generic/oberdiek/ifvtex.sty
Package: ifvtex 2010/03/01 v1.5 Detect VTeX and its facilities (HO)
Package ifvtex Info: VTeX not detected.
)
(/usr/local/texlive/2015/texmf-dist/tex/generic/ifxetex/ifxetex.sty
Package: ifxetex 2010/09/12 v0.6 Provides ifxetex conditional
)
\Gm@cnth=\count89
\Gm@cntv=\count90
\c@Gm@tempcnt=\count91
\Gm@bindingoffset=\dimen103
\Gm@wd@mp=\dimen104
\Gm@odd@mp=\dimen105
\Gm@even@mp=\dimen106
\Gm@layoutwidth=\dimen107
\Gm@layoutheight=\dimen108
\Gm@layouthoffset=\dimen109
\Gm@layoutvoffset=\dimen110
\Gm@dimlist=\toks17
)
(/usr/local/texlive/2015/texmf-dist/tex/latex/graphics/graphicx.sty
Package: graphicx 2014/10/28 v1.0g Enhanced LaTeX Graphics (DPC,SPQR)

(/usr/local/texlive/2015/texmf-dist/tex/latex/graphics/graphics.sty
Package: graphics 2014/10/28 v1.0p Standard LaTeX Graphics (DPC,SPQR)

(/usr/local/texlive/2015/texmf-dist/tex/latex/graphics/trig.sty
Package: trig 1999/03/16 v1.09 sin cos tan (DPC)
)
(/usr/local/texlive/2015/texmf-dist/tex/latex/latexconfig/graphics.cfg
File: graphics.cfg 2010/04/23 v1.9 graphics configuration of TeX Live
)
Package graphics Info: Driver file: pdftex.def on input line 94.

(/usr/local/texlive/2015/texmf-dist/tex/latex/pdftex-def/pdftex.def
File: pdftex.def 2011/05/27 v0.06d Graphics/color for pdfTeX

(/usr/local/texlive/2015/texmf-dist/tex/generic/oberdiek/infwarerr.sty
Package: infwarerr 2010/04/08 v1.3 Providing info/warning/error messages (HO)
)
(/usr/local/texlive/2015/texmf-dist/tex/generic/oberdiek/ltxcmds.sty
Package: ltxcmds 2011/11/09 v1.22 LaTeX kernel commands for general use (HO)
)
\Gread@gobject=\count92
))
\Gin@req@height=\dimen111
\Gin@req@width=\dimen112
)
(/usr/local/texlive/2015/texmf-dist/tex/latex/oberdiek/epstopdf.sty
Package: epstopdf 2010/02/09 v2.5 Conversion with epstopdf on the fly (HO)

(/usr/local/texlive/2015/texmf-dist/tex/latex/oberdiek/epstopdf-base.sty
Package: epstopdf-base 2010/02/09 v2.5 Base part for package epstopdf

(/usr/local/texlive/2015/texmf-dist/tex/latex/oberdiek/grfext.sty
Package: grfext 2010/08/19 v1.1 Manage graphics extensions (HO)

(/usr/local/texlive/2015/texmf-dist/tex/generic/oberdiek/kvdefinekeys.sty
Package: kvdefinekeys 2011/04/07 v1.3 Define keys (HO)
))
(/usr/local/texlive/2015/texmf-dist/tex/latex/oberdiek/kvoptions.sty
Package: kvoptions 2011/06/30 v3.11 Key value format for package options (HO)

(/usr/local/texlive/2015/texmf-dist/tex/generic/oberdiek/kvsetkeys.sty
Package: kvsetkeys 2012/04/25 v1.16 Key value parser (HO)

(/usr/local/texlive/2015/texmf-dist/tex/generic/oberdiek/etexcmds.sty
Package: etexcmds 2011/02/16 v1.5 Avoid name clashes with e-TeX commands (HO)

(/usr/local/texlive/2015/texmf-dist/tex/generic/oberdiek/ifluatex.sty
Package: ifluatex 2010/03/01 v1.3 Provides the ifluatex switch (HO)
Package ifluatex Info: LuaTeX not detected.
)
Package etexcmds Info: Could not find \expanded.
(etexcmds)             That can mean that you are not using pdfTeX 1.50 or
(etexcmds)             that some package has redefined \expanded.
(etexcmds)             In the latter case, load this package earlier.
)))
(/usr/local/texlive/2015/texmf-dist/tex/generic/oberdiek/pdftexcmds.sty
Package: pdftexcmds 2011/11/29 v0.20 Utility functions of pdfTeX for LuaTeX (HO
)
Package pdftexcmds Info: LuaTeX not detected.
Package pdftexcmds Info: \pdf@primitive is available.
Package pdftexcmds Info: \pdf@ifprimitive is available.
Package pdftexcmds Info: \pdfdraftmode found.
)
Package grfext Info: Graphics extension search list:
(grfext)             [.png,.pdf,.jpg,.mps,.jpeg,.jbig2,.jb2,.PNG,.PDF,.JPG,.JPE
G,.JBIG2,.JB2,.eps]
(grfext)             \AppendGraphicsExtensions on input line 452.

(/usr/local/texlive/2015/texmf-dist/tex/latex/latexconfig/epstopdf-sys.cfg
File: epstopdf-sys.cfg 2010/07/13 v1.3 Configuration of (r)epstopdf for TeX Liv
e
)))
(/usr/local/texlive/2015/texmf-dist/tex/latex/sectsty/sectsty.sty
Package: sectsty 2002/02/25 v2.0.2 Commands to change all sectional heading sty
les
)
(/usr/local/texlive/2015/texmf-dist/tex/latex/chngcntr/chngcntr.sty
Package: chngcntr 2009/09/02 v1.0a change counter resetting
)
(/usr/local/texlive/2015/texmf-dist/tex/latex/placeins/placeins.sty
Package: placeins 2005/04/18  v 2.2
)
(/usr/local/texlive/2015/texmf-dist/tex/latex/caption/caption.sty
Package: caption 2013/05/02 v3.3-89 Customizing captions (AR)

(/usr/local/texlive/2015/texmf-dist/tex/latex/caption/caption3.sty
Package: caption3 2013/05/02 v1.6-88 caption3 kernel (AR)
Package caption3 Info: TeX engine: e-TeX on input line 57.
\captionmargin=\dimen113
\captionmargin@=\dimen114
\captionwidth=\dimen115
\caption@tempdima=\dimen116
\caption@indent=\dimen117
\caption@parindent=\dimen118
\caption@hangindent=\dimen119
)
\c@ContinuedFloat=\count93
)
(/usr/local/texlive/2015/texmf-dist/tex/latex/caption/subcaption.sty
Package: subcaption 2013/02/03 v1.1-62 Sub-captions (AR)
\c@subfigure=\count94
\c@subtable=\count95
)
(/usr/local/texlive/2015/texmf-dist/tex/latex/amsmath/amsmath.sty
Package: amsmath 2013/01/14 v2.14 AMS math features
\@mathmargin=\skip74

For additional information on amsmath, use the `?' option.
(/usr/local/texlive/2015/texmf-dist/tex/latex/amsmath/amstext.sty
Package: amstext 2000/06/29 v2.01

(/usr/local/texlive/2015/texmf-dist/tex/latex/amsmath/amsgen.sty
File: amsgen.sty 1999/11/30 v2.0
\@emptytoks=\toks18
\ex@=\dimen120
))
(/usr/local/texlive/2015/texmf-dist/tex/latex/amsmath/amsbsy.sty
Package: amsbsy 1999/11/29 v1.2d
\pmbraise@=\dimen121
)
(/usr/local/texlive/2015/texmf-dist/tex/latex/amsmath/amsopn.sty
Package: amsopn 1999/12/14 v2.01 operator names
)
\inf@bad=\count96
LaTeX Info: Redefining \frac on input line 210.
\uproot@=\count97
\leftroot@=\count98
LaTeX Info: Redefining \overline on input line 306.
\classnum@=\count99
\DOTSCASE@=\count100
LaTeX Info: Redefining \ldots on input line 378.
LaTeX Info: Redefining \dots on input line 381.
LaTeX Info: Redefining \cdots on input line 466.
\Mathstrutbox@=\box26
\strutbox@=\box27
\big@size=\dimen122
LaTeX Font Info:    Redeclaring font encoding OML on input line 566.
LaTeX Font Info:    Redeclaring font encoding OMS on input line 567.
\macc@depth=\count101
\c@MaxMatrixCols=\count102
\dotsspace@=\muskip11
\c@parentequation=\count103
\dspbrk@lvl=\count104
\tag@help=\toks19
\row@=\count105
\column@=\count106
\maxfields@=\count107
\andhelp@=\toks20
\eqnshift@=\dimen123
\alignsep@=\dimen124
\tagshift@=\dimen125
\tagwidth@=\dimen126
\totwidth@=\dimen127
\lineht@=\dimen128
\@envbody=\toks21
\multlinegap=\skip75
\multlinetaggap=\skip76
\mathdisplay@stack=\toks22
LaTeX Info: Redefining \[ on input line 2665.
LaTeX Info: Redefining \] on input line 2666.
)
(/usr/local/texlive/2015/texmf-dist/tex/latex/tools/verbatim.sty
Package: verbatim 2014/10/28 v1.5q LaTeX2e package for verbatim enhancements
\every@verbatim=\toks23
\verbatim@line=\toks24
\verbatim@in@stream=\read1
)
(/usr/local/texlive/2015/texmf-dist/tex/latex/graphics/color.sty
Package: color 2014/10/28 v1.1a Standard LaTeX Color (DPC)

(/usr/local/texlive/2015/texmf-dist/tex/latex/latexconfig/color.cfg
File: color.cfg 2007/01/18 v1.5 color configuration of teTeX/TeXLive
)
Package color Info: Driver file: pdftex.def on input line 142.
)
(/usr/local/texlive/2015/texmf-dist/tex/latex/multirow/multirow.sty
\bigstrutjot=\dimen129
)
(./pcalnote.aux

LaTeX Warning: Label `fig:allustrips' multiply defined.


LaTeX Warning: Label `fig:adcU67_18' multiply defined.


LaTeX Warning: Label `sub@fig:adcU67_18' multiply defined.

)
\openout1 = `pcalnote.aux'.

LaTeX Font Info:    Checking defaults for OML/cmm/m/it on input line 30.
LaTeX Font Info:    ... okay on input line 30.
LaTeX Font Info:    Checking defaults for T1/cmr/m/n on input line 30.
LaTeX Font Info:    ... okay on input line 30.
LaTeX Font Info:    Checking defaults for OT1/cmr/m/n on input line 30.
LaTeX Font Info:    ... okay on input line 30.
LaTeX Font Info:    Checking defaults for OMS/cmsy/m/n on input line 30.
LaTeX Font Info:    ... okay on input line 30.
LaTeX Font Info:    Checking defaults for OMX/cmex/m/n on input line 30.
LaTeX Font Info:    ... okay on input line 30.
LaTeX Font Info:    Checking defaults for U/cmr/m/n on input line 30.
LaTeX Font Info:    ... okay on input line 30.

*geometry* driver: auto-detecting
*geometry* detected driver: pdftex
*geometry* verbose mode - [ preamble ] result:
* driver: pdftex
* paper: letterpaper
* layout: <same size as paper>
* layoutoffset:(h,v)=(0.0pt,0.0pt)
* modes: 
* h-part:(L,W,R)=(57.81621pt, 498.66258pt, 57.81621pt)
* v-part:(T,H,B)=(57.81621pt, 679.33757pt, 57.81621pt)
* \paperwidth=614.295pt
* \paperheight=794.96999pt
* \textwidth=498.66258pt
* \textheight=679.33757pt
* \oddsidemargin=-14.45378pt
* \evensidemargin=-14.45378pt
* \topmargin=-51.45378pt
* \headheight=12.0pt
* \headsep=25.0pt
* \topskip=10.0pt
* \footskip=30.0pt
* \marginparwidth=65.0pt
* \marginparsep=11.0pt
* \columnsep=10.0pt
* \skip\footins=9.0pt plus 4.0pt minus 2.0pt
* \hoffset=0.0pt
* \voffset=0.0pt
* \mag=1000
* \@twocolumnfalse
* \@twosidefalse
* \@mparswitchfalse
* \@reversemarginfalse
* (1in=72.27pt=25.4mm, 1cm=28.453pt)

(/usr/local/texlive/2015/texmf-dist/tex/context/base/supp-pdf.mkii
[Loading MPS to PDF converter (version 2006.09.02).]
\scratchcounter=\count108
\scratchdimen=\dimen130
\scratchbox=\box28
\nofMPsegments=\count109
\nofMParguments=\count110
\everyMPshowfont=\toks25
\MPscratchCnt=\count111
\MPscratchDim=\dimen131
\MPnumerator=\count112
\makeMPintoPDFobject=\count113
\everyMPtoPDFconversion=\toks26
)
Package caption Info: Begin \AtBeginDocument code.
Package caption Info: End \AtBeginDocument code.
 (./pcalnote.toc [1

{/usr/local/texlive/2015/texmf-var/fonts/map/pdftex/updmap/pdftex.map}])
\tf@toc=\write3
\openout3 = `pcalnote.toc'.

 [2] (./Design.tex
<./Figures/Pcal_geom_fig1.png, id=16, 453.3738pt x 353.1594pt>
File: ./Figures/Pcal_geom_fig1.png Graphic file (type png)

<use ./Figures/Pcal_geom_fig1.png>
Package pdftex.def Info: ./Figures/Pcal_geom_fig1.png used on input line 13.
(pdftex.def)             Requested size: 361.34999pt x 281.49323pt.

<./Figures/pcal_layers.png, id=18, 1200.485pt x 965.6075pt>
File: ./Figures/pcal_layers.png Graphic file (type png)

<use ./Figures/pcal_layers.png>
Package pdftex.def Info: ./Figures/pcal_layers.png used on input line 22.
(pdftex.def)             Requested size: 216.81pt x 174.3912pt.


LaTeX Warning: `h' float specifier changed to `ht'.

[3

 <./Figures/Pcal_geom_fig1.png>]
<./Figures/Pcal_geom_fig5.png, id=23, 468.0687pt x 270.7716pt>
File: ./Figures/Pcal_geom_fig5.png Graphic file (type png)

<use ./Figures/Pcal_geom_fig5.png>
Package pdftex.def Info: ./Figures/Pcal_geom_fig5.png used on input line 30.
(pdftex.def)             Requested size: 361.34999pt x 209.03601pt.
Package epstopdf Info: Source file: <./Figures/PMTreadout.eps>
(epstopdf)                    date: 2018-11-26 18:21:26
(epstopdf)                    size: 201969 bytes
(epstopdf)             Output file: <./Figures/PMTreadout-eps-converted-to.pdf>

(epstopdf)                    date: 2018-11-26 18:21:26
(epstopdf)                    size: 65090 bytes
(epstopdf)             Command: <repstopdf --outfile=./Figures/PMTreadout-eps-c
onverted-to.pdf ./Figures/PMTreadout.eps>
(epstopdf)             \includegraphics on input line 43.
Package epstopdf Info: Output file is already uptodate.

<./Figures/PMTreadout-eps-converted-to.pdf, id=24, 796.9775pt x 597.23125pt>
File: ./Figures/PMTreadout-eps-converted-to.pdf Graphic file (type pdf)

<use ./Figures/PMTreadout-eps-converted-to.pdf>
Package pdftex.def Info: ./Figures/PMTreadout-eps-converted-to.pdf used on inpu
t line 43.
(pdftex.def)             Requested size: 325.215pt x 243.69992pt.


LaTeX Warning: `h' float specifier changed to `ht'.

[4 <./Figures/pcal_layers.png> <./Figures/Pcal_geom_fig5.png>]
<./Figures/pcal3.png, id=30, 1599.9775pt x 1196.47pt>
File: ./Figures/pcal3.png Graphic file (type png)

<use ./Figures/pcal3.png>
Package pdftex.def Info: ./Figures/pcal3.png used on input line 54.
(pdftex.def)             Requested size: 252.94499pt x 189.13878pt.
 [5 <./Figures/PMTreadout-eps-converted-to.pdf> <./Figures/pcal3.png>]) (./Over
lappingShapes.tex
<./Figures/PCAL_pixel_screenshot.png, id=39, 1220.56pt x 892.33376pt>
File: ./Figures/PCAL_pixel_screenshot.png Graphic file (type png)

<use ./Figures/PCAL_pixel_screenshot.png>
Package pdftex.def Info: ./Figures/PCAL_pixel_screenshot.png used on input line
 12.
(pdftex.def)             Requested size: 216.81pt x 158.50269pt.

<./Figures/PCAL_UW_screenshot.png, id=40, 1222.5675pt x 895.345pt>
File: ./Figures/PCAL_UW_screenshot.png Graphic file (type png)

<use ./Figures/PCAL_UW_screenshot.png>
Package pdftex.def Info: ./Figures/PCAL_UW_screenshot.png used on input line 18
.
(pdftex.def)             Requested size: 216.81pt x 158.77798pt.

<./Figures/PCAL_UV_screenshot.png, id=41, 1219.55624pt x 892.33376pt>
File: ./Figures/PCAL_UV_screenshot.png Graphic file (type png)

<use ./Figures/PCAL_UV_screenshot.png>
Package pdftex.def Info: ./Figures/PCAL_UV_screenshot.png used on input line 26
.
(pdftex.def)             Requested size: 216.81pt x 158.62523pt.

<./Figures/PCAL_WU_screenshot.png, id=42, 1221.56375pt x 890.32625pt>
File: ./Figures/PCAL_WU_screenshot.png Graphic file (type png)

<use ./Figures/PCAL_WU_screenshot.png>
Package pdftex.def Info: ./Figures/PCAL_WU_screenshot.png used on input line 34
.
(pdftex.def)             Requested size: 216.81pt x 158.01024pt.
) (./VariousCuts.tex [6

 <./Figures/PCAL_pixel_screenshot.png> <./Figures/PCAL_UW_screenshot.png> <./Fi
gures/PCAL_UV_screenshot.png> <./Figures/PCAL_WU_screenshot.png>]
<./Figures/dalitz2.png, id=46, 555.07375pt x 546.04pt>
File: ./Figures/dalitz2.png Graphic file (type png)

<use ./Figures/dalitz2.png>
Package pdftex.def Info: ./Figures/dalitz2.png used on input line 52.
(pdftex.def)             Requested size: 220.39937pt x 216.81pt.

Overfull \hbox (0.98662pt too wide) in paragraph at lines 52--54
[][]
 []

<./Figures/unphysical.jpg, id=47, 569.4876pt x 482.7636pt>
File: ./Figures/unphysical.jpg Graphic file (type jpg)

<use ./Figures/unphysical.jpg>
Package pdftex.def Info: ./Figures/unphysical.jpg used on input line 56.
(pdftex.def)             Requested size: 255.76305pt x 216.81pt.
) (./LightAtt.tex [7 <./Figures/dalitz2.png> <./Figures/unphysical.jpg>] <./Fig
ures/attendef.png, id=55, 969.6225pt x 497.86pt>
File: ./Figures/attendef.png Graphic file (type png)

<use ./Figures/attendef.png>
Package pdftex.def Info: ./Figures/attendef.png used on input line 12.
(pdftex.def)             Requested size: 281.50882pt x 144.54pt.

<./Figures/adcvdist.png, id=56, 431.6125pt x 509.905pt>
File: ./Figures/adcvdist.png Graphic file (type png)

<use ./Figures/adcvdist.png>
Package pdftex.def Info: ./Figures/adcvdist.png used on input line 22.
(pdftex.def)             Requested size: 180.67499pt x 213.44283pt.
 [8 <./Figures/attendef.png> <./Figures/adcvdist.png>] <./Figures/distribution.
png, id=62, 741.77126pt x 545.03625pt>
File: ./Figures/distribution.png Graphic file (type png)

<use ./Figures/distribution.png>
Package pdftex.def Info: ./Figures/distribution.png used on input line 41.
(pdftex.def)             Requested size: 289.07999pt x 212.41359pt.

<./Figures/allstrip67.png, id=63, 1046.91125pt x 868.24374pt>
File: ./Figures/allstrip67.png Graphic file (type png)

<use ./Figures/allstrip67.png>
Package pdftex.def Info: ./Figures/allstrip67.png used on input line 57.
(pdftex.def)             Requested size: 433.62pt x 359.61227pt.


LaTeX Warning: `h' float specifier changed to `ht'.

[9 <./Figures/distribution.png>] [10 <./Figures/allstrip67.png>]
LaTeX Font Info:    Try loading font information for OMS+cmr on input line 72.

(/usr/local/texlive/2015/texmf-dist/tex/latex/base/omscmr.fd
File: omscmr.fd 2014/09/29 v2.5h Standard LaTeX font definitions
)
LaTeX Font Info:    Font shape `OMS/cmr/m/n' in size <10> not available
(Font)              Font shape `OMS/cmsy/m/n' tried instead on input line 72.
Package epstopdf Info: Source file: <./Figures/pass0.eps>
(epstopdf)                    date: 2018-11-26 18:21:26
(epstopdf)                    size: 77220 bytes
(epstopdf)             Output file: <./Figures/pass0-eps-converted-to.pdf>
(epstopdf)                    date: 2018-11-26 18:21:26
(epstopdf)                    size: 20077 bytes
(epstopdf)             Command: <repstopdf --outfile=./Figures/pass0-eps-conver
ted-to.pdf ./Figures/pass0.eps>
(epstopdf)             \includegraphics on input line 82.
Package epstopdf Info: Output file is already uptodate.

<./Figures/pass0-eps-converted-to.pdf, id=72, 569.12625pt x 282.05376pt>
File: ./Figures/pass0-eps-converted-to.pdf Graphic file (type pdf)

<use ./Figures/pass0-eps-converted-to.pdf>
Package pdftex.def Info: ./Figures/pass0-eps-converted-to.pdf used on input lin
e 82.
(pdftex.def)             Requested size: 401.02565pt x 198.7425pt.
Package epstopdf Info: Source file: <./Figures/atpass0.eps>
(epstopdf)                    date: 2018-11-26 18:21:26
(epstopdf)                    size: 60085 bytes
(epstopdf)             Output file: <./Figures/atpass0-eps-converted-to.pdf>
(epstopdf)                    date: 2018-11-26 18:21:26
(epstopdf)                    size: 31918 bytes
(epstopdf)             Command: <repstopdf --outfile=./Figures/atpass0-eps-conv
erted-to.pdf ./Figures/atpass0.eps>
(epstopdf)             \includegraphics on input line 90.
Package epstopdf Info: Output file is already uptodate.

<./Figures/atpass0-eps-converted-to.pdf, id=73, 569.12625pt x 282.05376pt>
File: ./Figures/atpass0-eps-converted-to.pdf Graphic file (type pdf)

<use ./Figures/atpass0-eps-converted-to.pdf>
Package pdftex.def Info: ./Figures/atpass0-eps-converted-to.pdf used on input l
ine 90.
(pdftex.def)             Requested size: 401.02565pt x 198.7425pt.
 [11

 <./Figures/pass0-eps-converted-to.pdf> <./Figures/atpass0-eps-converted-to.pdf
>]
Package epstopdf Info: Source file: <./Figures/pass1.eps>
(epstopdf)                    date: 2018-11-26 18:21:26
(epstopdf)                    size: 64948 bytes
(epstopdf)             Output file: <./Figures/pass1-eps-converted-to.pdf>
(epstopdf)                    date: 2018-11-26 18:21:26
(epstopdf)                    size: 18487 bytes
(epstopdf)             Command: <repstopdf --outfile=./Figures/pass1-eps-conver
ted-to.pdf ./Figures/pass1.eps>
(epstopdf)             \includegraphics on input line 115.
Package epstopdf Info: Output file is already uptodate.

<./Figures/pass1-eps-converted-to.pdf, id=91, 569.12625pt x 282.05376pt>
File: ./Figures/pass1-eps-converted-to.pdf Graphic file (type pdf)

<use ./Figures/pass1-eps-converted-to.pdf>
Package pdftex.def Info: ./Figures/pass1-eps-converted-to.pdf used on input lin
e 115.
(pdftex.def)             Requested size: 401.02565pt x 198.7425pt.
Package epstopdf Info: Source file: <./Figures/atpass1.eps>
(epstopdf)                    date: 2018-11-26 18:21:26
(epstopdf)                    size: 60819 bytes
(epstopdf)             Output file: <./Figures/atpass1-eps-converted-to.pdf>
(epstopdf)                    date: 2018-11-26 18:21:26
(epstopdf)                    size: 32232 bytes
(epstopdf)             Command: <repstopdf --outfile=./Figures/atpass1-eps-conv
erted-to.pdf ./Figures/atpass1.eps>
(epstopdf)             \includegraphics on input line 123.
Package epstopdf Info: Output file is already uptodate.

<./Figures/atpass1-eps-converted-to.pdf, id=92, 569.12625pt x 282.05376pt>
File: ./Figures/atpass1-eps-converted-to.pdf Graphic file (type pdf)

<use ./Figures/atpass1-eps-converted-to.pdf>
Package pdftex.def Info: ./Figures/atpass1-eps-converted-to.pdf used on input l
ine 123.
(pdftex.def)             Requested size: 401.02565pt x 198.7425pt.
 [12

 <./Figures/pass1-eps-converted-to.pdf> <./Figures/atpass1-eps-converted-to.pdf
>]
Package epstopdf Info: Source file: <./Figures/pass2.eps>
(epstopdf)                    date: 2018-11-26 18:21:26
(epstopdf)                    size: 62805 bytes
(epstopdf)             Output file: <./Figures/pass2-eps-converted-to.pdf>
(epstopdf)                    date: 2018-11-26 18:21:26
(epstopdf)                    size: 17207 bytes
(epstopdf)             Command: <repstopdf --outfile=./Figures/pass2-eps-conver
ted-to.pdf ./Figures/pass2.eps>
(epstopdf)             \includegraphics on input line 150.
Package epstopdf Info: Output file is already uptodate.

<./Figures/pass2-eps-converted-to.pdf, id=110, 569.12625pt x 282.05376pt>
File: ./Figures/pass2-eps-converted-to.pdf Graphic file (type pdf)

<use ./Figures/pass2-eps-converted-to.pdf>
Package pdftex.def Info: ./Figures/pass2-eps-converted-to.pdf used on input lin
e 150.
(pdftex.def)             Requested size: 401.02565pt x 198.7425pt.
Package epstopdf Info: Source file: <./Figures/atpass2.eps>
(epstopdf)                    date: 2018-11-26 18:21:26
(epstopdf)                    size: 59668 bytes
(epstopdf)             Output file: <./Figures/atpass2-eps-converted-to.pdf>
(epstopdf)                    date: 2018-11-26 18:21:26
(epstopdf)                    size: 31446 bytes
(epstopdf)             Command: <repstopdf --outfile=./Figures/atpass2-eps-conv
erted-to.pdf ./Figures/atpass2.eps>
(epstopdf)             \includegraphics on input line 158.
Package epstopdf Info: Output file is already uptodate.

<./Figures/atpass2-eps-converted-to.pdf, id=111, 569.12625pt x 282.05376pt>
File: ./Figures/atpass2-eps-converted-to.pdf Graphic file (type pdf)

<use ./Figures/atpass2-eps-converted-to.pdf>
Package pdftex.def Info: ./Figures/atpass2-eps-converted-to.pdf used on input l
ine 158.
(pdftex.def)             Requested size: 401.02565pt x 198.7425pt.
 [13

 <./Figures/pass2-eps-converted-to.pdf> <./Figures/atpass2-eps-converted-to.pdf
>]
Package epstopdf Info: Source file: <./Figures/pass3.eps>
(epstopdf)                    date: 2018-11-26 18:21:26
(epstopdf)                    size: 63792 bytes
(epstopdf)             Output file: <./Figures/pass3-eps-converted-to.pdf>
(epstopdf)                    date: 2018-11-26 18:21:26
(epstopdf)                    size: 17834 bytes
(epstopdf)             Command: <repstopdf --outfile=./Figures/pass3-eps-conver
ted-to.pdf ./Figures/pass3.eps>
(epstopdf)             \includegraphics on input line 184.
Package epstopdf Info: Output file is already uptodate.

<./Figures/pass3-eps-converted-to.pdf, id=130, 569.12625pt x 282.05376pt>
File: ./Figures/pass3-eps-converted-to.pdf Graphic file (type pdf)

<use ./Figures/pass3-eps-converted-to.pdf>
Package pdftex.def Info: ./Figures/pass3-eps-converted-to.pdf used on input lin
e 184.
(pdftex.def)             Requested size: 401.02565pt x 198.7425pt.
Package epstopdf Info: Source file: <./Figures/atpass3.eps>
(epstopdf)                    date: 2018-11-26 18:21:26
(epstopdf)                    size: 60200 bytes
(epstopdf)             Output file: <./Figures/atpass3-eps-converted-to.pdf>
(epstopdf)                    date: 2018-11-26 18:21:26
(epstopdf)                    size: 31722 bytes
(epstopdf)             Command: <repstopdf --outfile=./Figures/atpass3-eps-conv
erted-to.pdf ./Figures/atpass3.eps>
(epstopdf)             \includegraphics on input line 192.
Package epstopdf Info: Output file is already uptodate.

<./Figures/atpass3-eps-converted-to.pdf, id=131, 569.12625pt x 282.05376pt>
File: ./Figures/atpass3-eps-converted-to.pdf Graphic file (type pdf)

<use ./Figures/atpass3-eps-converted-to.pdf>
Package pdftex.def Info: ./Figures/atpass3-eps-converted-to.pdf used on input l
ine 192.
(pdftex.def)             Requested size: 401.02565pt x 198.7425pt.
 [14

 <./Figures/pass3-eps-converted-to.pdf> <./Figures/atpass3-eps-converted-to.pdf
>]
Package epstopdf Info: Source file: <./Figures/pass4.eps>
(epstopdf)                    date: 2018-11-26 18:21:26
(epstopdf)                    size: 64344 bytes
(epstopdf)             Output file: <./Figures/pass4-eps-converted-to.pdf>
(epstopdf)                    date: 2018-11-26 18:21:26
(epstopdf)                    size: 18170 bytes
(epstopdf)             Command: <repstopdf --outfile=./Figures/pass4-eps-conver
ted-to.pdf ./Figures/pass4.eps>
(epstopdf)             \includegraphics on input line 217.
Package epstopdf Info: Output file is already uptodate.

<./Figures/pass4-eps-converted-to.pdf, id=149, 569.12625pt x 282.05376pt>
File: ./Figures/pass4-eps-converted-to.pdf Graphic file (type pdf)

<use ./Figures/pass4-eps-converted-to.pdf>
Package pdftex.def Info: ./Figures/pass4-eps-converted-to.pdf used on input lin
e 217.
(pdftex.def)             Requested size: 401.02565pt x 198.7425pt.
Package epstopdf Info: Source file: <./Figures/atpass4.eps>
(epstopdf)                    date: 2018-11-26 18:21:26
(epstopdf)                    size: 60328 bytes
(epstopdf)             Output file: <./Figures/atpass4-eps-converted-to.pdf>
(epstopdf)                    date: 2018-11-26 18:21:26
(epstopdf)                    size: 31826 bytes
(epstopdf)             Command: <repstopdf --outfile=./Figures/atpass4-eps-conv
erted-to.pdf ./Figures/atpass4.eps>
(epstopdf)             \includegraphics on input line 224.
Package epstopdf Info: Output file is already uptodate.

<./Figures/atpass4-eps-converted-to.pdf, id=150, 569.12625pt x 282.05376pt>
File: ./Figures/atpass4-eps-converted-to.pdf Graphic file (type pdf)

<use ./Figures/atpass4-eps-converted-to.pdf>
Package pdftex.def Info: ./Figures/atpass4-eps-converted-to.pdf used on input l
ine 224.
(pdftex.def)             Requested size: 401.02565pt x 198.7425pt.
 [15

 <./Figures/pass4-eps-converted-to.pdf> <./Figures/atpass4-eps-converted-to.pdf
>]
Package epstopdf Info: Source file: <./Figures/pass5.eps>
(epstopdf)                    date: 2018-11-26 18:21:26
(epstopdf)                    size: 64686 bytes
(epstopdf)             Output file: <./Figures/pass5-eps-converted-to.pdf>
(epstopdf)                    date: 2018-11-26 18:21:26
(epstopdf)                    size: 18363 bytes
(epstopdf)             Command: <repstopdf --outfile=./Figures/pass5-eps-conver
ted-to.pdf ./Figures/pass5.eps>
(epstopdf)             \includegraphics on input line 251.
Package epstopdf Info: Output file is already uptodate.

<./Figures/pass5-eps-converted-to.pdf, id=168, 569.12625pt x 282.05376pt>
File: ./Figures/pass5-eps-converted-to.pdf Graphic file (type pdf)

<use ./Figures/pass5-eps-converted-to.pdf>
Package pdftex.def Info: ./Figures/pass5-eps-converted-to.pdf used on input lin
e 251.
(pdftex.def)             Requested size: 401.02565pt x 198.7425pt.
Package epstopdf Info: Source file: <./Figures/atpass5.eps>
(epstopdf)                    date: 2018-11-26 18:21:26
(epstopdf)                    size: 60304 bytes
(epstopdf)             Output file: <./Figures/atpass5-eps-converted-to.pdf>
(epstopdf)                    date: 2018-11-26 18:21:26
(epstopdf)                    size: 31745 bytes
(epstopdf)             Command: <repstopdf --outfile=./Figures/atpass5-eps-conv
erted-to.pdf ./Figures/atpass5.eps>
(epstopdf)             \includegraphics on input line 259.
Package epstopdf Info: Output file is already uptodate.

<./Figures/atpass5-eps-converted-to.pdf, id=169, 569.12625pt x 282.05376pt>
File: ./Figures/atpass5-eps-converted-to.pdf Graphic file (type pdf)

<use ./Figures/atpass5-eps-converted-to.pdf>
Package pdftex.def Info: ./Figures/atpass5-eps-converted-to.pdf used on input l
ine 259.
(pdftex.def)             Requested size: 401.02565pt x 198.7425pt.
Package epstopdf Info: Source file: <./Figures/nocutsIsum.eps>
(epstopdf)                    date: 2018-11-26 18:21:26
(epstopdf)                    size: 14456 bytes
(epstopdf)             Output file: <./Figures/nocutsIsum-eps-converted-to.pdf>

(epstopdf)                    date: 2018-11-26 18:21:26
(epstopdf)                    size: 10892 bytes
(epstopdf)             Command: <repstopdf --outfile=./Figures/nocutsIsum-eps-c
onverted-to.pdf ./Figures/nocutsIsum.eps>
(epstopdf)             \includegraphics on input line 273.
Package epstopdf Info: Output file is already uptodate.

<./Figures/nocutsIsum-eps-converted-to.pdf, id=170, 569.12625pt x 344.28625pt>
File: ./Figures/nocutsIsum-eps-converted-to.pdf Graphic file (type pdf)

<use ./Figures/nocutsIsum-eps-converted-to.pdf>
Package pdftex.def Info: ./Figures/nocutsIsum-eps-converted-to.pdf used on inpu
t line 273.
(pdftex.def)             Requested size: 149.6003pt x 90.49994pt.
Package epstopdf Info: Source file: <./Figures/3sigcutIsum.eps>
(epstopdf)                    date: 2018-11-26 18:21:26
(epstopdf)                    size: 14310 bytes
(epstopdf)             Output file: <./Figures/3sigcutIsum-eps-converted-to.pdf
>
(epstopdf)                    date: 2018-11-26 18:21:26
(epstopdf)                    size: 10866 bytes
(epstopdf)             Command: <repstopdf --outfile=./Figures/3sigcutIsum-eps-
converted-to.pdf ./Figures/3sigcutIsum.eps>
(epstopdf)             \includegraphics on input line 280.
Package epstopdf Info: Output file is already uptodate.

<./Figures/3sigcutIsum-eps-converted-to.pdf, id=171, 569.12625pt x 344.28625pt>
File: ./Figures/3sigcutIsum-eps-converted-to.pdf Graphic file (type pdf)
<use ./Figures/3sigcutIsum-eps-converted-to.pdf>
Package pdftex.def Info: ./Figures/3sigcutIsum-eps-converted-to.pdf used on inp
ut line 280.
(pdftex.def)             Requested size: 149.6003pt x 90.49994pt.

Underfull \hbox (badness 1742) in paragraph at lines 281--281
[]\OT1/cmr/m/n/9 (b) |Sum of all ini-tial in-ten-si-ties.
 []

Package epstopdf Info: Source file: <./Figures/allcutsIsum.eps>
(epstopdf)                    date: 2018-11-26 18:21:26
(epstopdf)                    size: 10967 bytes
(epstopdf)             Output file: <./Figures/allcutsIsum-eps-converted-to.pdf
>
(epstopdf)                    date: 2018-11-26 18:21:26
(epstopdf)                    size: 8774 bytes
(epstopdf)             Command: <repstopdf --outfile=./Figures/allcutsIsum-eps-
converted-to.pdf ./Figures/allcutsIsum.eps>
(epstopdf)             \includegraphics on input line 287.
Package epstopdf Info: Output file is already uptodate.

<./Figures/allcutsIsum-eps-converted-to.pdf, id=172, 569.12625pt x 344.28625pt>
File: ./Figures/allcutsIsum-eps-converted-to.pdf Graphic file (type pdf)
<use ./Figures/allcutsIsum-eps-converted-to.pdf>
Package pdftex.def Info: ./Figures/allcutsIsum-eps-converted-to.pdf used on inp
ut line 287.
(pdftex.def)             Requested size: 149.6003pt x 90.49994pt.

Underfull \hbox (badness 2020) in paragraph at lines 288--288
[]\OT1/cmr/m/n/9 (c) |Sum of all ini-tial in-ten-si-ties.
 []


LaTeX Warning: `h' float specifier changed to `ht'.

[16

 <./Figures/pass5-eps-converted-to.pdf> <./Figures/atpass5-eps-converted-to.pdf
>]
Package epstopdf Info: Source file: <./Figures/w61sigfitpass0.eps>
(epstopdf)                    date: 2018-11-26 18:21:26
(epstopdf)                    size: 842105 bytes
(epstopdf)             Output file: <./Figures/w61sigfitpass0-eps-converted-to.
pdf>
(epstopdf)                    date: 2018-11-26 18:21:26
(epstopdf)                    size: 121799 bytes
(epstopdf)             Command: <repstopdf --outfile=./Figures/w61sigfitpass0-e
ps-converted-to.pdf ./Figures/w61sigfitpass0.eps>
(epstopdf)             \includegraphics on input line 306.
Package epstopdf Info: Output file is already uptodate.

<./Figures/w61sigfitpass0-eps-converted-to.pdf, id=191, 429.605pt x 739.76375pt
>
File: ./Figures/w61sigfitpass0-eps-converted-to.pdf Graphic file (type pdf)
 <use ./Figures/w61sigfitpass0-eps-converted-to.pdf>
Package pdftex.def Info: ./Figures/w61sigfitpass0-eps-converted-to.pdf used on 
input line 306.
(pdftex.def)             Requested size: 335.75917pt x 578.16476pt.


LaTeX Warning: `h' float specifier changed to `ht'.

Package epstopdf Info: Source file: <./Figures/w61sigfitpass5.eps>
(epstopdf)                    date: 2018-11-26 18:21:26
(epstopdf)                    size: 697768 bytes
(epstopdf)             Output file: <./Figures/w61sigfitpass5-eps-converted-to.
pdf>
(epstopdf)                    date: 2018-11-26 18:21:26
(epstopdf)                    size: 100320 bytes
(epstopdf)             Command: <repstopdf --outfile=./Figures/w61sigfitpass5-e
ps-converted-to.pdf ./Figures/w61sigfitpass5.eps>
(epstopdf)             \includegraphics on input line 313.
Package epstopdf Info: Output file is already uptodate.

<./Figures/w61sigfitpass5-eps-converted-to.pdf, id=192, 429.605pt x 739.76375pt
>
File: ./Figures/w61sigfitpass5-eps-converted-to.pdf Graphic file (type pdf)
 <use ./Figures/w61sigfitpass5-eps-converted-to.pdf>
Package pdftex.def Info: ./Figures/w61sigfitpass5-eps-converted-to.pdf used on 
input line 313.
(pdftex.def)             Requested size: 335.75917pt x 578.16476pt.


LaTeX Warning: `h' float specifier changed to `ht'.

[17 <./Figures/nocutsIsum-eps-converted-to.pdf> <./Figures/3sigcutIsum-eps-conv
erted-to.pdf> <./Figures/allcutsIsum-eps-converted-to.pdf>] [18 <./Figures/w61s
igfitpass0-eps-converted-to.pdf>] [19 <./Figures/w61sigfitpass5-eps-converted-t
o.pdf>] <./Figures/exponetial67.png, id=236, 698.61pt x 475.7775pt>
File: ./Figures/exponetial67.png Graphic file (type png)

<use ./Figures/exponetial67.png>
Package pdftex.def Info: ./Figures/exponetial67.png used on input line 347.
(pdftex.def)             Requested size: 498.66258pt x 339.61206pt.


LaTeX Warning: Reference `fig:expfit' on page 20 undefined on input line 361.


LaTeX Warning: Reference `eq:try1' on page 20 undefined on input line 362.

[20

 <./Figures/exponetial67.png>]
Package epstopdf Info: Source file: <./Figures/allustrips.eps>
(epstopdf)                    date: 2018-11-26 18:21:26
(epstopdf)                    size: 604344 bytes
(epstopdf)             Output file: <./Figures/allustrips-eps-converted-to.pdf>

(epstopdf)                    date: 2018-11-26 18:21:26
(epstopdf)                    size: 245849 bytes
(epstopdf)             Command: <repstopdf --outfile=./Figures/allustrips-eps-c
onverted-to.pdf ./Figures/allustrips.eps>
(epstopdf)             \includegraphics on input line 425.
Package epstopdf Info: Output file is already uptodate.

<./Figures/allustrips-eps-converted-to.pdf, id=244, 429.605pt x 739.76375pt>
File: ./Figures/allustrips-eps-converted-to.pdf Graphic file (type pdf)

<use ./Figures/allustrips-eps-converted-to.pdf>
Package pdftex.def Info: ./Figures/allustrips-eps-converted-to.pdf used on inpu
t line 425.
(pdftex.def)             Requested size: 335.75917pt x 578.16476pt.


LaTeX Warning: `h' float specifier changed to `ht'.

[21] [22 <./Figures/allustrips-eps-converted-to.pdf>]
Package epstopdf Info: Source file: <./Figures/allvstrips.eps>
(epstopdf)                    date: 2018-11-26 18:21:26
(epstopdf)                    size: 590127 bytes
(epstopdf)             Output file: <./Figures/allvstrips-eps-converted-to.pdf>

(epstopdf)                    date: 2018-11-26 18:21:26
(epstopdf)                    size: 242874 bytes
(epstopdf)             Command: <repstopdf --outfile=./Figures/allvstrips-eps-c
onverted-to.pdf ./Figures/allvstrips.eps>
(epstopdf)             \includegraphics on input line 435.
Package epstopdf Info: Output file is already uptodate.

<./Figures/allvstrips-eps-converted-to.pdf, id=256, 429.605pt x 739.76375pt>
File: ./Figures/allvstrips-eps-converted-to.pdf Graphic file (type pdf)

<use ./Figures/allvstrips-eps-converted-to.pdf>
Package pdftex.def Info: ./Figures/allvstrips-eps-converted-to.pdf used on inpu
t line 435.
(pdftex.def)             Requested size: 335.75917pt x 578.16476pt.


LaTeX Warning: `h' float specifier changed to `ht'.

[23 <./Figures/allvstrips-eps-converted-to.pdf>]
Package epstopdf Info: Source file: <./Figures/allwstrips.eps>
(epstopdf)                    date: 2018-11-26 18:21:26
(epstopdf)                    size: 585774 bytes
(epstopdf)             Output file: <./Figures/allwstrips-eps-converted-to.pdf>

(epstopdf)                    date: 2018-11-26 18:21:26
(epstopdf)                    size: 241617 bytes
(epstopdf)             Command: <repstopdf --outfile=./Figures/allwstrips-eps-c
onverted-to.pdf ./Figures/allwstrips.eps>
(epstopdf)             \includegraphics on input line 447.
Package epstopdf Info: Output file is already uptodate.

<./Figures/allwstrips-eps-converted-to.pdf, id=265, 429.605pt x 739.76375pt>
File: ./Figures/allwstrips-eps-converted-to.pdf Graphic file (type pdf)

<use ./Figures/allwstrips-eps-converted-to.pdf>
Package pdftex.def Info: ./Figures/allwstrips-eps-converted-to.pdf used on inpu
t line 447.
(pdftex.def)             Requested size: 335.75917pt x 578.16476pt.


LaTeX Warning: `h' float specifier changed to `ht'.

[24 <./Figures/allwstrips-eps-converted-to.pdf>]

LaTeX Warning: `h' float specifier changed to `ht'.


LaTeX Warning: `h' float specifier changed to `ht'.


LaTeX Warning: `h' float specifier changed to `ht'.

[25] [26] [27]

LaTeX Warning: `h' float specifier changed to `ht'.

) (./Studies.tex [28]
Package epstopdf Info: Source file: <./Figures/ustrip3.eps>
(epstopdf)                    date: 2018-11-26 18:21:26
(epstopdf)                    size: 68930 bytes
(epstopdf)             Output file: <./Figures/ustrip3-eps-converted-to.pdf>
(epstopdf)                    date: 2018-11-26 18:21:26
(epstopdf)                    size: 18140 bytes
(epstopdf)             Command: <repstopdf --outfile=./Figures/ustrip3-eps-conv
erted-to.pdf ./Figures/ustrip3.eps>
(epstopdf)             \includegraphics on input line 33.
Package epstopdf Info: Output file is already uptodate.

<./Figures/ustrip3-eps-converted-to.pdf, id=287, 569.12625pt x 387.4475pt>
File: ./Figures/ustrip3-eps-converted-to.pdf Graphic file (type pdf)

<use ./Figures/ustrip3-eps-converted-to.pdf>
Package pdftex.def Info: ./Figures/ustrip3-eps-converted-to.pdf used on input l
ine 33.
(pdftex.def)             Requested size: 199.46198pt x 135.79192pt.
Package epstopdf Info: Source file: <./Figures/ustrip4.eps>
(epstopdf)                    date: 2018-11-26 18:21:26
(epstopdf)                    size: 71782 bytes
(epstopdf)             Output file: <./Figures/ustrip4-eps-converted-to.pdf>
(epstopdf)                    date: 2018-11-26 18:21:26
(epstopdf)                    size: 18432 bytes
(epstopdf)             Command: <repstopdf --outfile=./Figures/ustrip4-eps-conv
erted-to.pdf ./Figures/ustrip4.eps>
(epstopdf)             \includegraphics on input line 39.
Package epstopdf Info: Output file is already uptodate.

<./Figures/ustrip4-eps-converted-to.pdf, id=288, 569.12625pt x 387.4475pt>
File: ./Figures/ustrip4-eps-converted-to.pdf Graphic file (type pdf)

<use ./Figures/ustrip4-eps-converted-to.pdf>
Package pdftex.def Info: ./Figures/ustrip4-eps-converted-to.pdf used on input l
ine 39.
(pdftex.def)             Requested size: 199.46198pt x 135.79192pt.
Package epstopdf Info: Source file: <./Figures/ustrip5.eps>
(epstopdf)                    date: 2018-11-26 18:21:26
(epstopdf)                    size: 77627 bytes
(epstopdf)             Output file: <./Figures/ustrip5-eps-converted-to.pdf>
(epstopdf)                    date: 2018-11-26 18:21:26
(epstopdf)                    size: 19814 bytes
(epstopdf)             Command: <repstopdf --outfile=./Figures/ustrip5-eps-conv
erted-to.pdf ./Figures/ustrip5.eps>
(epstopdf)             \includegraphics on input line 45.
Package epstopdf Info: Output file is already uptodate.

<./Figures/ustrip5-eps-converted-to.pdf, id=289, 569.12625pt x 387.4475pt>
File: ./Figures/ustrip5-eps-converted-to.pdf Graphic file (type pdf)

<use ./Figures/ustrip5-eps-converted-to.pdf>
Package pdftex.def Info: ./Figures/ustrip5-eps-converted-to.pdf used on input l
ine 45.
(pdftex.def)             Requested size: 199.46198pt x 135.79192pt.
Package epstopdf Info: Source file: <./Figures/ustrip6.eps>
(epstopdf)                    date: 2018-11-26 18:21:26
(epstopdf)                    size: 83985 bytes
(epstopdf)             Output file: <./Figures/ustrip6-eps-converted-to.pdf>
(epstopdf)                    date: 2018-11-26 18:21:26
(epstopdf)                    size: 20804 bytes
(epstopdf)             Command: <repstopdf --outfile=./Figures/ustrip6-eps-conv
erted-to.pdf ./Figures/ustrip6.eps>
(epstopdf)             \includegraphics on input line 51.
Package epstopdf Info: Output file is already uptodate.

<./Figures/ustrip6-eps-converted-to.pdf, id=290, 569.12625pt x 387.4475pt>
File: ./Figures/ustrip6-eps-converted-to.pdf Graphic file (type pdf)

<use ./Figures/ustrip6-eps-converted-to.pdf>
Package pdftex.def Info: ./Figures/ustrip6-eps-converted-to.pdf used on input l
ine 51.
(pdftex.def)             Requested size: 199.46198pt x 135.79192pt.
Package epstopdf Info: Source file: <./Figures/ustrip7.eps>
(epstopdf)                    date: 2018-11-26 18:21:26
(epstopdf)                    size: 89623 bytes
(epstopdf)             Output file: <./Figures/ustrip7-eps-converted-to.pdf>
(epstopdf)                    date: 2018-11-26 18:21:26
(epstopdf)                    size: 21792 bytes
(epstopdf)             Command: <repstopdf --outfile=./Figures/ustrip7-eps-conv
erted-to.pdf ./Figures/ustrip7.eps>
(epstopdf)             \includegraphics on input line 57.
Package epstopdf Info: Output file is already uptodate.

<./Figures/ustrip7-eps-converted-to.pdf, id=291, 569.12625pt x 387.4475pt>
File: ./Figures/ustrip7-eps-converted-to.pdf Graphic file (type pdf)

<use ./Figures/ustrip7-eps-converted-to.pdf>
Package pdftex.def Info: ./Figures/ustrip7-eps-converted-to.pdf used on input l
ine 57.
(pdftex.def)             Requested size: 199.46198pt x 135.79192pt.
Package epstopdf Info: Source file: <./Figures/ustrip8.eps>
(epstopdf)                    date: 2018-11-26 18:21:26
(epstopdf)                    size: 93260 bytes
(epstopdf)             Output file: <./Figures/ustrip8-eps-converted-to.pdf>
(epstopdf)                    date: 2018-11-26 18:21:26
(epstopdf)                    size: 22463 bytes
(epstopdf)             Command: <repstopdf --outfile=./Figures/ustrip8-eps-conv
erted-to.pdf ./Figures/ustrip8.eps>
(epstopdf)             \includegraphics on input line 63.
Package epstopdf Info: Output file is already uptodate.

<./Figures/ustrip8-eps-converted-to.pdf, id=292, 569.12625pt x 387.4475pt>
File: ./Figures/ustrip8-eps-converted-to.pdf Graphic file (type pdf)

<use ./Figures/ustrip8-eps-converted-to.pdf>
Package pdftex.def Info: ./Figures/ustrip8-eps-converted-to.pdf used on input l
ine 63.
(pdftex.def)             Requested size: 199.46198pt x 135.79192pt.
 [29





] [30 <./Figures/ustrip3-eps-converted-to.pdf> <./Figures/ustrip4-eps-converted
-to.pdf> <./Figures/ustrip5-eps-converted-to.pdf> <./Figures/ustrip6-eps-conver
ted-to.pdf> <./Figures/ustrip7-eps-converted-to.pdf> <./Figures/ustrip8-eps-con
verted-to.pdf>])
(./Simulation.tex <./Figures/gcard.png, id=354, 1828.8325pt x 979.66pt>
File: ./Figures/gcard.png Graphic file (type png)

<use ./Figures/gcard.png>
Package pdftex.def Info: ./Figures/gcard.png used on input line 20.
(pdftex.def)             Requested size: 505.89pt x 270.98439pt.

Overfull \hbox (7.22742pt too wide) in paragraph at lines 20--22
 [][] 
 []

[31 <./Figures/gcard.png>]
<./Figures/adcU67_02.png, id=362, 622.325pt x 462.72874pt>
File: ./Figures/adcU67_02.png Graphic file (type png)

<use ./Figures/adcU67_02.png>
Package pdftex.def Info: ./Figures/adcU67_02.png used on input line 68.
(pdftex.def)             Requested size: 149.6003pt x 111.23367pt.

<./Figures/adcU67_03.png, id=363, 624.3325pt x 457.71pt>
File: ./Figures/adcU67_03.png Graphic file (type png)

<use ./Figures/adcU67_03.png>
Package pdftex.def Info: ./Figures/adcU67_03.png used on input line 75.
(pdftex.def)             Requested size: 149.6003pt x 109.67105pt.

<./Figures/adcU67_04.png, id=364, 622.325pt x 459.7175pt>
File: ./Figures/adcU67_04.png Graphic file (type png)

<use ./Figures/adcU67_04.png>
Package pdftex.def Info: ./Figures/adcU67_04.png used on input line 82.
(pdftex.def)             Requested size: 149.6003pt x 110.50981pt.

<./Figures/adcU67_05.png, id=365, 620.3175pt x 456.70625pt>
File: ./Figures/adcU67_05.png Graphic file (type png)

<use ./Figures/adcU67_05.png>
Package pdftex.def Info: ./Figures/adcU67_05.png used on input line 89.
(pdftex.def)             Requested size: 149.6003pt x 110.14136pt.

<./Figures/adcU67_06.png, id=366, 622.325pt x 455.7025pt>
File: ./Figures/adcU67_06.png Graphic file (type png)

<use ./Figures/adcU67_06.png>
Package pdftex.def Info: ./Figures/adcU67_06.png used on input line 96.
(pdftex.def)             Requested size: 149.6003pt x 109.54466pt.

<./Figures/adcU67_07.png, id=367, 622.325pt x 456.70625pt>
File: ./Figures/adcU67_07.png Graphic file (type png)

<use ./Figures/adcU67_07.png>
Package pdftex.def Info: ./Figures/adcU67_07.png used on input line 103.
(pdftex.def)             Requested size: 149.6003pt x 109.78595pt.

<./Figures/adcU67_08.png, id=368, 624.3325pt x 455.7025pt>
File: ./Figures/adcU67_08.png Graphic file (type png)

<use ./Figures/adcU67_08.png>
Package pdftex.def Info: ./Figures/adcU67_08.png used on input line 110.
(pdftex.def)             Requested size: 149.6003pt x 109.19003pt.

<./Figures/adcU67_09.png, id=369, 621.32124pt x 455.7025pt>
File: ./Figures/adcU67_09.png Graphic file (type png)

<use ./Figures/adcU67_09.png>
Package pdftex.def Info: ./Figures/adcU67_09.png used on input line 117.
(pdftex.def)             Requested size: 149.6003pt x 109.71849pt.

<./Figures/adcU67_10.png, id=370, 621.32124pt x 452.69125pt>
File: ./Figures/adcU67_10.png Graphic file (type png)

<use ./Figures/adcU67_10.png>
Package pdftex.def Info: ./Figures/adcU67_10.png used on input line 124.
(pdftex.def)             Requested size: 149.6003pt x 108.99348pt.


LaTeX Warning: `h' float specifier changed to `ht'.

<./Figures/adcU67_11.png, id=371, 620.3175pt x 457.71pt>
File: ./Figures/adcU67_11.png Graphic file (type png)

<use ./Figures/adcU67_11.png>
Package pdftex.def Info: ./Figures/adcU67_11.png used on input line 137.
(pdftex.def)             Requested size: 149.6003pt x 110.38344pt.

<./Figures/adcU67_12.png, id=372, 619.31375pt x 455.7025pt>
File: ./Figures/adcU67_12.png Graphic file (type png)

<use ./Figures/adcU67_12.png>
Package pdftex.def Info: ./Figures/adcU67_12.png used on input line 144.
(pdftex.def)             Requested size: 149.6003pt x 110.08008pt.

<./Figures/adcU67_13.png, id=373, 623.32875pt x 452.69125pt>
File: ./Figures/adcU67_13.png Graphic file (type png)

<use ./Figures/adcU67_13.png>
Package pdftex.def Info: ./Figures/adcU67_13.png used on input line 151.
(pdftex.def)             Requested size: 149.6003pt x 108.64812pt.

<./Figures/adcU67_14.png, id=374, 622.325pt x 453.695pt>
File: ./Figures/adcU67_14.png Graphic file (type png)

<use ./Figures/adcU67_14.png>
Package pdftex.def Info: ./Figures/adcU67_14.png used on input line 158.
(pdftex.def)             Requested size: 149.6003pt x 109.06209pt.

<./Figures/adcU67_15.png, id=375, 617.30624pt x 455.7025pt>
File: ./Figures/adcU67_15.png Graphic file (type png)

<use ./Figures/adcU67_15.png>
Package pdftex.def Info: ./Figures/adcU67_15.png used on input line 165.
(pdftex.def)             Requested size: 149.6003pt x 110.43471pt.

<./Figures/adcU67_16.png, id=376, 621.32124pt x 453.695pt>
File: ./Figures/adcU67_16.png Graphic file (type png)

<use ./Figures/adcU67_16.png>
Package pdftex.def Info: ./Figures/adcU67_16.png used on input line 172.
(pdftex.def)             Requested size: 149.6003pt x 109.23515pt.

<./Figures/adcU67_17.png, id=377, 621.32124pt x 455.7025pt>
File: ./Figures/adcU67_17.png Graphic file (type png)

<use ./Figures/adcU67_17.png>
Package pdftex.def Info: ./Figures/adcU67_17.png used on input line 179.
(pdftex.def)             Requested size: 149.6003pt x 109.71849pt.

<./Figures/adcU67_18.png, id=378, 624.3325pt x 452.69125pt>
File: ./Figures/adcU67_18.png Graphic file (type png)

<use ./Figures/adcU67_18.png>
Package pdftex.def Info: ./Figures/adcU67_18.png used on input line 186.
(pdftex.def)             Requested size: 149.6003pt x 108.46852pt.

<./Figures/adcU67_19.png, id=379, 620.3175pt x 452.69125pt>
File: ./Figures/adcU67_19.png Graphic file (type png)

<use ./Figures/adcU67_19.png>
Package pdftex.def Info: ./Figures/adcU67_19.png used on input line 193.
(pdftex.def)             Requested size: 149.6003pt x 109.17308pt.

<./Figures/adcU67_20.png, id=380, 618.31pt x 451.6875pt>
File: ./Figures/adcU67_20.png Graphic file (type png)

<use ./Figures/adcU67_20.png>
Package pdftex.def Info: ./Figures/adcU67_20.png used on input line 200.
(pdftex.def)             Requested size: 149.6003pt x 109.28252pt.

<./Figures/adcU67_21.png, id=381, 622.325pt x 453.695pt>
File: ./Figures/adcU67_21.png Graphic file (type png)

<use ./Figures/adcU67_21.png>
Package pdftex.def Info: ./Figures/adcU67_21.png used on input line 207.
(pdftex.def)             Requested size: 149.6003pt x 109.06209pt.

<./Figures/adcU67_22.png, id=382, 620.3175pt x 452.69125pt>
File: ./Figures/adcU67_22.png Graphic file (type png)

<use ./Figures/adcU67_22.png>
Package pdftex.def Info: ./Figures/adcU67_22.png used on input line 214.
(pdftex.def)             Requested size: 149.6003pt x 109.17308pt.

<./Figures/adcU67_23.png, id=383, 621.32124pt x 454.69875pt>
File: ./Figures/adcU67_23.png Graphic file (type png)

<use ./Figures/adcU67_23.png>
Package pdftex.def Info: ./Figures/adcU67_23.png used on input line 221.
(pdftex.def)             Requested size: 149.6003pt x 109.47682pt.

<./Figures/adcU67_24.png, id=384, 619.31375pt x 451.6875pt>
File: ./Figures/adcU67_24.png Graphic file (type png)

<use ./Figures/adcU67_24.png>
Package pdftex.def Info: ./Figures/adcU67_24.png used on input line 228.
(pdftex.def)             Requested size: 149.6003pt x 109.11021pt.

<./Figures/adcU67_25.png, id=385, 619.31375pt x 453.695pt>
File: ./Figures/adcU67_25.png Graphic file (type png)

<use ./Figures/adcU67_25.png>
Package pdftex.def Info: ./Figures/adcU67_25.png used on input line 235.
(pdftex.def)             Requested size: 149.6003pt x 109.59515pt.


LaTeX Warning: `h' float specifier changed to `ht'.

<./Figures/adcU67_26.png, id=386, 621.32124pt x 451.6875pt>
File: ./Figures/adcU67_26.png Graphic file (type png)

<use ./Figures/adcU67_26.png>
Package pdftex.def Info: ./Figures/adcU67_26.png used on input line 248.
(pdftex.def)             Requested size: 149.6003pt x 108.75182pt.

<./Figures/adcU67_27.png, id=387, 622.325pt x 452.69125pt>
File: ./Figures/adcU67_27.png Graphic file (type png)

<use ./Figures/adcU67_27.png>
Package pdftex.def Info: ./Figures/adcU67_27.png used on input line 255.
(pdftex.def)             Requested size: 149.6003pt x 108.8208pt.

<./Figures/adcU67_28.png, id=388, 622.325pt x 449.68pt>
File: ./Figures/adcU67_28.png Graphic file (type png)

<use ./Figures/adcU67_28.png>
Package pdftex.def Info: ./Figures/adcU67_28.png used on input line 262.
(pdftex.def)             Requested size: 149.6003pt x 108.09694pt.

<./Figures/adcU67_29.png, id=389, 623.32875pt x 451.6875pt>
File: ./Figures/adcU67_29.png Graphic file (type png)

<use ./Figures/adcU67_29.png>
Package pdftex.def Info: ./Figures/adcU67_29.png used on input line 269.
(pdftex.def)             Requested size: 149.6003pt x 108.40721pt.

<./Figures/adcU67_30.png, id=390, 619.31375pt x 453.695pt>
File: ./Figures/adcU67_30.png Graphic file (type png)

<use ./Figures/adcU67_30.png>
Package pdftex.def Info: ./Figures/adcU67_30.png used on input line 276.
(pdftex.def)             Requested size: 149.6003pt x 109.59515pt.

<./Figures/adcU67_31.png, id=391, 620.3175pt x 451.6875pt>
File: ./Figures/adcU67_31.png Graphic file (type png)

<use ./Figures/adcU67_31.png>
Package pdftex.def Info: ./Figures/adcU67_31.png used on input line 283.
(pdftex.def)             Requested size: 149.6003pt x 108.93102pt.

<./Figures/adcU67_32.png, id=392, 619.31375pt x 452.69125pt>
File: ./Figures/adcU67_32.png Graphic file (type png)

<use ./Figures/adcU67_32.png>
Package pdftex.def Info: ./Figures/adcU67_32.png used on input line 290.
(pdftex.def)             Requested size: 149.6003pt x 109.35268pt.

<./Figures/adcU67_33.png, id=393, 620.3175pt x 452.69125pt>
File: ./Figures/adcU67_33.png Graphic file (type png)

<use ./Figures/adcU67_33.png>
Package pdftex.def Info: ./Figures/adcU67_33.png used on input line 297.
(pdftex.def)             Requested size: 149.6003pt x 109.17308pt.

<./Figures/adcU67_34.png, id=394, 618.31pt x 448.67625pt>
File: ./Figures/adcU67_34.png Graphic file (type png)

<use ./Figures/adcU67_34.png>
Package pdftex.def Info: ./Figures/adcU67_34.png used on input line 304.
(pdftex.def)             Requested size: 149.6003pt x 108.55397pt.

<./Figures/adcU67_35.png, id=395, 621.32124pt x 449.68pt>
File: ./Figures/adcU67_35.png Graphic file (type png)

<use ./Figures/adcU67_35.png>
Package pdftex.def Info: ./Figures/adcU67_35.png used on input line 311.
(pdftex.def)             Requested size: 149.6003pt x 108.26848pt.

<./Figures/adcU67_36.png, id=396, 620.3175pt x 452.69125pt>
File: ./Figures/adcU67_36.png Graphic file (type png)

<use ./Figures/adcU67_36.png>
Package pdftex.def Info: ./Figures/adcU67_36.png used on input line 318.
(pdftex.def)             Requested size: 149.6003pt x 109.17308pt.

<./Figures/adcU67_37.png, id=397, 619.31375pt x 450.68375pt>
File: ./Figures/adcU67_37.png Graphic file (type png)

<use ./Figures/adcU67_37.png>
Package pdftex.def Info: ./Figures/adcU67_37.png used on input line 325.
(pdftex.def)             Requested size: 149.6003pt x 108.86774pt.

<./Figures/adcU67_38.png, id=398, 620.3175pt x 449.68pt>
File: ./Figures/adcU67_38.png Graphic file (type png)

<use ./Figures/adcU67_38.png>
Package pdftex.def Info: ./Figures/adcU67_38.png used on input line 332.
(pdftex.def)             Requested size: 149.6003pt x 108.44687pt.

<./Figures/adcU67_39.png, id=399, 621.32124pt x 452.69125pt>
File: ./Figures/adcU67_39.png Graphic file (type png)

<use ./Figures/adcU67_39.png>
Package pdftex.def Info: ./Figures/adcU67_39.png used on input line 339.
(pdftex.def)             Requested size: 149.6003pt x 108.99348pt.

<./Figures/adcU67_40.png, id=400, 619.31375pt x 451.6875pt>
File: ./Figures/adcU67_40.png Graphic file (type png)

<use ./Figures/adcU67_40.png>
Package pdftex.def Info: ./Figures/adcU67_40.png used on input line 346.
(pdftex.def)             Requested size: 149.6003pt x 109.11021pt.


LaTeX Warning: `h' float specifier changed to `ht'.

<./Figures/adcU67_41.png, id=401, 618.31pt x 450.68375pt>
File: ./Figures/adcU67_41.png Graphic file (type png)

<use ./Figures/adcU67_41.png>
Package pdftex.def Info: ./Figures/adcU67_41.png used on input line 359.
(pdftex.def)             Requested size: 149.6003pt x 109.03966pt.

<./Figures/adcU67_42.png, id=402, 618.31pt x 452.69125pt>
File: ./Figures/adcU67_42.png Graphic file (type png)

<use ./Figures/adcU67_42.png>
Package pdftex.def Info: ./Figures/adcU67_42.png used on input line 366.
(pdftex.def)             Requested size: 149.6003pt x 109.52536pt.

<./Figures/adcU67_43.png, id=403, 617.30624pt x 453.695pt>
File: ./Figures/adcU67_43.png Graphic file (type png)

<use ./Figures/adcU67_43.png>
Package pdftex.def Info: ./Figures/adcU67_43.png used on input line 373.
(pdftex.def)             Requested size: 149.6003pt x 109.94821pt.

<./Figures/adcU67_44.png, id=404, 618.31pt x 451.6875pt>
File: ./Figures/adcU67_44.png Graphic file (type png)

<use ./Figures/adcU67_44.png>
Package pdftex.def Info: ./Figures/adcU67_44.png used on input line 380.
(pdftex.def)             Requested size: 149.6003pt x 109.28252pt.

<./Figures/adcU67_45.png, id=405, 621.32124pt x 451.6875pt>
File: ./Figures/adcU67_45.png Graphic file (type png)

<use ./Figures/adcU67_45.png>
Package pdftex.def Info: ./Figures/adcU67_45.png used on input line 387.
(pdftex.def)             Requested size: 149.6003pt x 108.75182pt.

<./Figures/adcU67_46.png, id=406, 619.31375pt x 449.68pt>
File: ./Figures/adcU67_46.png Graphic file (type png)

<use ./Figures/adcU67_46.png>
Package pdftex.def Info: ./Figures/adcU67_46.png used on input line 394.
(pdftex.def)             Requested size: 149.6003pt x 108.62527pt.

<./Figures/adcU67_47.png, id=407, 617.30624pt x 447.6725pt>
File: ./Figures/adcU67_47.png Graphic file (type png)

<use ./Figures/adcU67_47.png>
Package pdftex.def Info: ./Figures/adcU67_47.png used on input line 401.
(pdftex.def)             Requested size: 149.6003pt x 108.48872pt.

<./Figures/adcU67_48.png, id=408, 615.29875pt x 451.6875pt>
File: ./Figures/adcU67_48.png Graphic file (type png)

<use ./Figures/adcU67_48.png>
Package pdftex.def Info: ./Figures/adcU67_48.png used on input line 408.
(pdftex.def)             Requested size: 149.6003pt x 109.8201pt.

<./Figures/adcU67_49.png, id=409, 621.32124pt x 452.69125pt>
File: ./Figures/adcU67_49.png Graphic file (type png)

<use ./Figures/adcU67_49.png>
Package pdftex.def Info: ./Figures/adcU67_49.png used on input line 415.
(pdftex.def)             Requested size: 149.6003pt x 108.99348pt.

<./Figures/adcU67_50.png, id=410, 620.3175pt x 454.69875pt>
File: ./Figures/adcU67_50.png Graphic file (type png)

<use ./Figures/adcU67_50.png>
Package pdftex.def Info: ./Figures/adcU67_50.png used on input line 422.
(pdftex.def)             Requested size: 149.6003pt x 109.65723pt.

<./Figures/adcU67_51.png, id=411, 616.3025pt x 449.68pt>
File: ./Figures/adcU67_51.png Graphic file (type png)

<use ./Figures/adcU67_51.png>
Package pdftex.def Info: ./Figures/adcU67_51.png used on input line 429.
(pdftex.def)             Requested size: 149.6003pt x 109.15361pt.

<./Figures/adcU67_52.png, id=412, 616.3025pt x 452.69125pt>
File: ./Figures/adcU67_52.png Graphic file (type png)

<use ./Figures/adcU67_52.png>
Package pdftex.def Info: ./Figures/adcU67_52.png used on input line 436.
(pdftex.def)             Requested size: 149.6003pt x 109.88455pt.

<./Figures/adcU67_53.png, id=413, 622.325pt x 450.68375pt>
File: ./Figures/adcU67_53.png Graphic file (type png)

<use ./Figures/adcU67_53.png>
Package pdftex.def Info: ./Figures/adcU67_53.png used on input line 443.
(pdftex.def)             Requested size: 149.6003pt x 108.33823pt.

<./Figures/adcU67_54.png, id=414, 620.3175pt x 451.6875pt>
File: ./Figures/adcU67_54.png Graphic file (type png)

<use ./Figures/adcU67_54.png>
Package pdftex.def Info: ./Figures/adcU67_54.png used on input line 450.
(pdftex.def)             Requested size: 149.6003pt x 108.93102pt.

<./Figures/adcU67_55.png, id=415, 621.32124pt x 449.68pt>
File: ./Figures/adcU67_55.png Graphic file (type png)

<use ./Figures/adcU67_55.png>
Package pdftex.def Info: ./Figures/adcU67_55.png used on input line 457.
(pdftex.def)             Requested size: 149.6003pt x 108.26848pt.


LaTeX Warning: `h' float specifier changed to `ht'.

<./Figures/adcU67_56.png, id=416, 619.31375pt x 449.68pt>
File: ./Figures/adcU67_56.png Graphic file (type png)

<use ./Figures/adcU67_56.png>
Package pdftex.def Info: ./Figures/adcU67_56.png used on input line 470.
(pdftex.def)             Requested size: 149.6003pt x 108.62527pt.

<./Figures/adcU67_57.png, id=417, 621.32124pt x 454.69875pt>
File: ./Figures/adcU67_57.png Graphic file (type png)

<use ./Figures/adcU67_57.png>
Package pdftex.def Info: ./Figures/adcU67_57.png used on input line 477.
(pdftex.def)             Requested size: 149.6003pt x 109.47682pt.

<./Figures/adcU67_58.png, id=418, 618.31pt x 451.6875pt>
File: ./Figures/adcU67_58.png Graphic file (type png)

<use ./Figures/adcU67_58.png>
Package pdftex.def Info: ./Figures/adcU67_58.png used on input line 484.
(pdftex.def)             Requested size: 149.6003pt x 109.28252pt.

<./Figures/adcU67_59.png, id=419, 624.3325pt x 449.68pt>
File: ./Figures/adcU67_59.png Graphic file (type png)

<use ./Figures/adcU67_59.png>
Package pdftex.def Info: ./Figures/adcU67_59.png used on input line 491.
(pdftex.def)             Requested size: 149.6003pt x 107.747pt.

<./Figures/adcU67_60.png, id=420, 620.3175pt x 451.6875pt>
File: ./Figures/adcU67_60.png Graphic file (type png)

<use ./Figures/adcU67_60.png>
Package pdftex.def Info: ./Figures/adcU67_60.png used on input line 498.
(pdftex.def)             Requested size: 149.6003pt x 108.93102pt.

<./Figures/adcU67_61.png, id=421, 617.30624pt x 448.67625pt>
File: ./Figures/adcU67_61.png Graphic file (type png)

<use ./Figures/adcU67_61.png>
Package pdftex.def Info: ./Figures/adcU67_61.png used on input line 505.
(pdftex.def)             Requested size: 149.6003pt x 108.73196pt.

<./Figures/adcU67_62.png, id=422, 620.3175pt x 450.68375pt>
File: ./Figures/adcU67_62.png Graphic file (type png)

<use ./Figures/adcU67_62.png>
Package pdftex.def Info: ./Figures/adcU67_62.png used on input line 512.
(pdftex.def)             Requested size: 149.6003pt x 108.68895pt.


LaTeX Warning: `h' float specifier changed to `ht'.

[32] [33 <./Figures/adcU67_02.png> <./Figures/adcU67_03.png> <./Figures/adcU67_
04.png> <./Figures/adcU67_05.png> <./Figures/adcU67_06.png> <./Figures/adcU67_0
7.png> <./Figures/adcU67_08.png> <./Figures/adcU67_09.png> <./Figures/adcU67_10
.png>] [34 <./Figures/adcU67_11.png> <./Figures/adcU67_12.png> <./Figures/adcU6
7_13.png> <./Figures/adcU67_14.png> <./Figures/adcU67_15.png> <./Figures/adcU67
_16.png> <./Figures/adcU67_17.png> <./Figures/adcU67_18.png> <./Figures/adcU67_
19.png> <./Figures/adcU67_20.png> <./Figures/adcU67_21.png> <./Figures/adcU67_2
2.png> <./Figures/adcU67_23.png> <./Figures/adcU67_24.png> <./Figures/adcU67_25
.png>] [35 <./Figures/adcU67_26.png> <./Figures/adcU67_27.png> <./Figures/adcU6
7_28.png> <./Figures/adcU67_29.png> <./Figures/adcU67_30.png> <./Figures/adcU67
_31.png> <./Figures/adcU67_32.png> <./Figures/adcU67_33.png> <./Figures/adcU67_
34.png> <./Figures/adcU67_35.png> <./Figures/adcU67_36.png> <./Figures/adcU67_3
7.png> <./Figures/adcU67_38.png> <./Figures/adcU67_39.png> <./Figures/adcU67_40
.png>] [36 <./Figures/adcU67_41.png> <./Figures/adcU67_42.png> <./Figures/adcU6
7_43.png> <./Figures/adcU67_44.png> <./Figures/adcU67_45.png> <./Figures/adcU67
_46.png> <./Figures/adcU67_47.png> <./Figures/adcU67_48.png> <./Figures/adcU67_
49.png> <./Figures/adcU67_50.png> <./Figures/adcU67_51.png> <./Figures/adcU67_5
2.png> <./Figures/adcU67_53.png> <./Figures/adcU67_54.png> <./Figures/adcU67_55
.png>] [37 <./Figures/adcU67_56.png> <./Figures/adcU67_57.png> <./Figures/adcU6
7_58.png> <./Figures/adcU67_59.png> <./Figures/adcU67_60.png> <./Figures/adcU67
_61.png> <./Figures/adcU67_62.png>]
<./Figures/expfit_U51.png, id=442, 614.295pt x 455.7025pt>
File: ./Figures/expfit_U51.png Graphic file (type png)

<use ./Figures/expfit_U51.png>
Package pdftex.def Info: ./Figures/expfit_U51.png used on input line 535.
(pdftex.def)             Requested size: 219.41275pt x 162.76637pt.

<./Figures/expfit_U52.png, id=443, 613.29124pt x 459.7175pt>
File: ./Figures/expfit_U52.png Graphic file (type png)

<use ./Figures/expfit_U52.png>
Package pdftex.def Info: ./Figures/expfit_U52.png used on input line 542.
(pdftex.def)             Requested size: 219.41275pt x 164.46701pt.

<./Figures/expfit_U53.png, id=444, 620.3175pt x 454.69875pt>
File: ./Figures/expfit_U53.png Graphic file (type png)

<use ./Figures/expfit_U53.png>
Package pdftex.def Info: ./Figures/expfit_U53.png used on input line 549.
(pdftex.def)             Requested size: 219.41275pt x 160.82597pt.

<./Figures/expfit_U54.png, id=445, 619.31375pt x 457.71pt>
File: ./Figures/expfit_U54.png Graphic file (type png)

<use ./Figures/expfit_U54.png>
Package pdftex.def Info: ./Figures/expfit_U54.png used on input line 556.
(pdftex.def)             Requested size: 219.41275pt x 162.15645pt.

<./Figures/expfit_U55.png, id=446, 616.3025pt x 460.72125pt>
File: ./Figures/expfit_U55.png Graphic file (type png)

<use ./Figures/expfit_U55.png>
Package pdftex.def Info: ./Figures/expfit_U55.png used on input line 569.
(pdftex.def)             Requested size: 219.41275pt x 164.01765pt.

<./Figures/expfit_U56.png, id=447, 616.3025pt x 458.71375pt>
File: ./Figures/expfit_U56.png Graphic file (type png)

<use ./Figures/expfit_U56.png>
Package pdftex.def Info: ./Figures/expfit_U56.png used on input line 576.
(pdftex.def)             Requested size: 219.41275pt x 163.30298pt.

<./Figures/expfit_U57.png, id=448, 615.29875pt x 459.7175pt>
File: ./Figures/expfit_U57.png Graphic file (type png)

<use ./Figures/expfit_U57.png>
Package pdftex.def Info: ./Figures/expfit_U57.png used on input line 583.
(pdftex.def)             Requested size: 219.41275pt x 163.92686pt.

<./Figures/expfit_U58.png, id=449, 613.29124pt x 454.69875pt>
File: ./Figures/expfit_U58.png Graphic file (type png)

<use ./Figures/expfit_U58.png>
Package pdftex.def Info: ./Figures/expfit_U58.png used on input line 590.
(pdftex.def)             Requested size: 219.41275pt x 162.67151pt.

<./Figures/expfit_U59.png, id=450, 614.295pt x 459.7175pt>
File: ./Figures/expfit_U59.png Graphic file (type png)

<use ./Figures/expfit_U59.png>
Package pdftex.def Info: ./Figures/expfit_U59.png used on input line 597.
(pdftex.def)             Requested size: 219.41275pt x 164.20044pt.

<./Figures/expfit_U67.png, id=451, 627.34375pt x 468.75125pt>
File: ./Figures/expfit_U67.png Graphic file (type png)

<use ./Figures/expfit_U67.png>
Package pdftex.def Info: ./Figures/expfit_U67.png used on input line 604.
(pdftex.def)             Requested size: 219.41275pt x 163.94379pt.


LaTeX Warning: `h' float specifier changed to `ht'.

[38

 <./Figures/expfit_U51.png> <./Figures/expfit_U52.png> <./Figures/expfit_U53.pn
g> <./Figures/expfit_U54.png>] [39 <./Figures/expfit_U55.png> <./Figures/expfit
_U56.png> <./Figures/expfit_U57.png> <./Figures/expfit_U58.png> <./Figures/expf
it_U59.png> <./Figures/expfit_U67.png>]

LaTeX Warning: `h' float specifier changed to `ht'.


LaTeX Warning: `h' float specifier changed to `ht'.


LaTeX Warning: `h' float specifier changed to `ht'.

[40

] [41] [42] [43]) (./Reproducibility.tex
Package epstopdf Info: Source file: <./Figures/diffU.eps>
(epstopdf)                    date: 2018-11-26 18:21:26
(epstopdf)                    size: 69354 bytes
(epstopdf)             Output file: <./Figures/diffU-eps-converted-to.pdf>
(epstopdf)                    date: 2018-11-26 18:21:26
(epstopdf)                    size: 116916 bytes
(epstopdf)             Command: <repstopdf --outfile=./Figures/diffU-eps-conver
ted-to.pdf ./Figures/diffU.eps>
(epstopdf)             \includegraphics on input line 17.
Package epstopdf Info: Output file is already uptodate.

<./Figures/diffU-eps-converted-to.pdf, id=471, 569.12625pt x 385.44pt>
File: ./Figures/diffU-eps-converted-to.pdf Graphic file (type pdf)

<use ./Figures/diffU-eps-converted-to.pdf>
Package pdftex.def Info: ./Figures/diffU-eps-converted-to.pdf used on input lin
e 17.
(pdftex.def)             Requested size: 505.89pt x 342.62883pt.

Overfull \hbox (7.22742pt too wide) in paragraph at lines 17--18
 [][] 
 []

Package epstopdf Info: Source file: <./Figures/diffV.eps>
(epstopdf)                    date: 2018-11-26 18:21:26
(epstopdf)                    size: 73499 bytes
(epstopdf)             Output file: <./Figures/diffV-eps-converted-to.pdf>
(epstopdf)                    date: 2018-11-26 18:21:26
(epstopdf)                    size: 144618 bytes
(epstopdf)             Command: <repstopdf --outfile=./Figures/diffV-eps-conver
ted-to.pdf ./Figures/diffV.eps>
(epstopdf)             \includegraphics on input line 24.
Package epstopdf Info: Output file is already uptodate.
<./Figures/diffV-eps-converted-to.pdf, id=472, 569.12625pt x 385.44pt>
File: ./Figures/diffV-eps-converted-to.pdf Graphic file (type pdf)

<use ./Figures/diffV-eps-converted-to.pdf>
Package pdftex.def Info: ./Figures/diffV-eps-converted-to.pdf used on input lin
e 24.
(pdftex.def)             Requested size: 433.62pt x 293.68437pt.


LaTeX Warning: `h' float specifier changed to `ht'.

Package epstopdf Info: Source file: <./Figures/diffW.eps>
(epstopdf)                    date: 2018-11-26 18:21:26
(epstopdf)                    size: 73457 bytes
(epstopdf)             Output file: <./Figures/diffW-eps-converted-to.pdf>
(epstopdf)                    date: 2018-11-26 18:21:26
(epstopdf)                    size: 144694 bytes
(epstopdf)             Command: <repstopdf --outfile=./Figures/diffW-eps-conver
ted-to.pdf ./Figures/diffW.eps>
(epstopdf)             \includegraphics on input line 31.
Package epstopdf Info: Output file is already uptodate.
<./Figures/diffW-eps-converted-to.pdf, id=473, 569.12625pt x 385.44pt>
File: ./Figures/diffW-eps-converted-to.pdf Graphic file (type pdf)

<use ./Figures/diffW-eps-converted-to.pdf>
Package pdftex.def Info: ./Figures/diffW-eps-converted-to.pdf used on input lin
e 31.
(pdftex.def)             Requested size: 433.62pt x 293.68437pt.


LaTeX Warning: `h' float specifier changed to `ht'.

[44

 <./Figures/diffU-eps-converted-to.pdf>] [45 <./Figures/diffV-eps-converted-to.
pdf> <./Figures/diffW-eps-converted-to.pdf>]
Package epstopdf Info: Source file: <./Figures/diffUMean_6.eps>
(epstopdf)                    date: 2018-11-26 18:21:26
(epstopdf)                    size: 32609 bytes
(epstopdf)             Output file: <./Figures/diffUMean_6-eps-converted-to.pdf
>
(epstopdf)                    date: 2018-11-26 18:21:26
(epstopdf)                    size: 131775 bytes
(epstopdf)             Command: <repstopdf --outfile=./Figures/diffUMean_6-eps-
converted-to.pdf ./Figures/diffUMean_6.eps>
(epstopdf)             \includegraphics on input line 48.
Package epstopdf Info: Output file is already uptodate.

<./Figures/diffUMean_6-eps-converted-to.pdf, id=507, 569.12625pt x 387.4475pt>
File: ./Figures/diffUMean_6-eps-converted-to.pdf Graphic file (type pdf)

<use ./Figures/diffUMean_6-eps-converted-to.pdf>
Package pdftex.def Info: ./Figures/diffUMean_6-eps-converted-to.pdf used on inp
ut line 48.
(pdftex.def)             Requested size: 219.41275pt x 149.3717pt.
Package epstopdf Info: Source file: <./Figures/diffURoot_6.eps>
(epstopdf)                    date: 2018-11-26 18:21:26
(epstopdf)                    size: 32606 bytes
(epstopdf)             Output file: <./Figures/diffURoot_6-eps-converted-to.pdf
>
(epstopdf)                    date: 2018-11-26 18:21:26
(epstopdf)                    size: 133974 bytes
(epstopdf)             Command: <repstopdf --outfile=./Figures/diffURoot_6-eps-
converted-to.pdf ./Figures/diffURoot_6.eps>
(epstopdf)             \includegraphics on input line 55.
Package epstopdf Info: Output file is already uptodate.

<./Figures/diffURoot_6-eps-converted-to.pdf, id=508, 569.12625pt x 387.4475pt>
File: ./Figures/diffURoot_6-eps-converted-to.pdf Graphic file (type pdf)

<use ./Figures/diffURoot_6-eps-converted-to.pdf>
Package pdftex.def Info: ./Figures/diffURoot_6-eps-converted-to.pdf used on inp
ut line 55.
(pdftex.def)             Requested size: 219.41275pt x 149.3717pt.
Package epstopdf Info: Source file: <./Figures/diffUMean_7.eps>
(epstopdf)                    date: 2018-11-26 18:21:26
(epstopdf)                    size: 33628 bytes
(epstopdf)             Output file: <./Figures/diffUMean_7-eps-converted-to.pdf
>
(epstopdf)                    date: 2018-11-26 18:21:26
(epstopdf)                    size: 132988 bytes
(epstopdf)             Command: <repstopdf --outfile=./Figures/diffUMean_7-eps-
converted-to.pdf ./Figures/diffUMean_7.eps>
(epstopdf)             \includegraphics on input line 62.
Package epstopdf Info: Output file is already uptodate.

<./Figures/diffUMean_7-eps-converted-to.pdf, id=509, 569.12625pt x 387.4475pt>
File: ./Figures/diffUMean_7-eps-converted-to.pdf Graphic file (type pdf)

<use ./Figures/diffUMean_7-eps-converted-to.pdf>
Package pdftex.def Info: ./Figures/diffUMean_7-eps-converted-to.pdf used on inp
ut line 62.
(pdftex.def)             Requested size: 219.41275pt x 149.3717pt.
Package epstopdf Info: Source file: <./Figures/diffURoot_7.eps>
(epstopdf)                    date: 2018-11-26 18:21:26
(epstopdf)                    size: 33607 bytes
(epstopdf)             Output file: <./Figures/diffURoot_7-eps-converted-to.pdf
>
(epstopdf)                    date: 2018-11-26 18:21:26
(epstopdf)                    size: 137368 bytes
(epstopdf)             Command: <repstopdf --outfile=./Figures/diffURoot_7-eps-
converted-to.pdf ./Figures/diffURoot_7.eps>
(epstopdf)             \includegraphics on input line 69.
Package epstopdf Info: Output file is already uptodate.

<./Figures/diffURoot_7-eps-converted-to.pdf, id=510, 569.12625pt x 387.4475pt>
File: ./Figures/diffURoot_7-eps-converted-to.pdf Graphic file (type pdf)

<use ./Figures/diffURoot_7-eps-converted-to.pdf>
Package pdftex.def Info: ./Figures/diffURoot_7-eps-converted-to.pdf used on inp
ut line 69.
(pdftex.def)             Requested size: 219.41275pt x 149.3717pt.
Package epstopdf Info: Source file: <./Figures/diffVMean_6.eps>
(epstopdf)                    date: 2018-11-26 18:21:26
(epstopdf)                    size: 43000 bytes
(epstopdf)             Output file: <./Figures/diffVMean_6-eps-converted-to.pdf
>
(epstopdf)                    date: 2018-11-26 18:21:26
(epstopdf)                    size: 186944 bytes
(epstopdf)             Command: <repstopdf --outfile=./Figures/diffVMean_6-eps-
converted-to.pdf ./Figures/diffVMean_6.eps>
(epstopdf)             \includegraphics on input line 82.
Package epstopdf Info: Output file is already uptodate.

<./Figures/diffVMean_6-eps-converted-to.pdf, id=511, 569.12625pt x 387.4475pt>
File: ./Figures/diffVMean_6-eps-converted-to.pdf Graphic file (type pdf)

<use ./Figures/diffVMean_6-eps-converted-to.pdf>
Package pdftex.def Info: ./Figures/diffVMean_6-eps-converted-to.pdf used on inp
ut line 82.
(pdftex.def)             Requested size: 219.41275pt x 149.3717pt.
Package epstopdf Info: Source file: <./Figures/diffVRoot_6.eps>
(epstopdf)                    date: 2018-11-26 18:21:26
(epstopdf)                    size: 41717 bytes
(epstopdf)             Output file: <./Figures/diffVRoot_6-eps-converted-to.pdf
>
(epstopdf)                    date: 2018-11-26 18:21:26
(epstopdf)                    size: 175797 bytes
(epstopdf)             Command: <repstopdf --outfile=./Figures/diffVRoot_6-eps-
converted-to.pdf ./Figures/diffVRoot_6.eps>
(epstopdf)             \includegraphics on input line 89.
Package epstopdf Info: Output file is already uptodate.

<./Figures/diffVRoot_6-eps-converted-to.pdf, id=512, 569.12625pt x 387.4475pt>
File: ./Figures/diffVRoot_6-eps-converted-to.pdf Graphic file (type pdf)

<use ./Figures/diffVRoot_6-eps-converted-to.pdf>
Package pdftex.def Info: ./Figures/diffVRoot_6-eps-converted-to.pdf used on inp
ut line 89.
(pdftex.def)             Requested size: 219.41275pt x 149.3717pt.
Package epstopdf Info: Source file: <./Figures/diffVMean_7.eps>
(epstopdf)                    date: 2018-11-26 18:21:26
(epstopdf)                    size: 14699 bytes
(epstopdf)             Output file: <./Figures/diffVMean_7-eps-converted-to.pdf
>
(epstopdf)                    date: 2018-11-26 18:21:26
(epstopdf)                    size: 44631 bytes
(epstopdf)             Command: <repstopdf --outfile=./Figures/diffVMean_7-eps-
converted-to.pdf ./Figures/diffVMean_7.eps>
(epstopdf)             \includegraphics on input line 96.
Package epstopdf Info: Output file is already uptodate.

<./Figures/diffVMean_7-eps-converted-to.pdf, id=513, 569.12625pt x 387.4475pt>
File: ./Figures/diffVMean_7-eps-converted-to.pdf Graphic file (type pdf)

<use ./Figures/diffVMean_7-eps-converted-to.pdf>
Package pdftex.def Info: ./Figures/diffVMean_7-eps-converted-to.pdf used on inp
ut line 96.
(pdftex.def)             Requested size: 219.41275pt x 149.3717pt.
Package epstopdf Info: Source file: <./Figures/diffVRoot_7.eps>
(epstopdf)                    date: 2018-11-26 18:21:26
(epstopdf)                    size: 14977 bytes
(epstopdf)             Output file: <./Figures/diffVRoot_7-eps-converted-to.pdf
>
(epstopdf)                    date: 2018-11-26 18:21:26
(epstopdf)                    size: 46155 bytes
(epstopdf)             Command: <repstopdf --outfile=./Figures/diffVRoot_7-eps-
converted-to.pdf ./Figures/diffVRoot_7.eps>
(epstopdf)             \includegraphics on input line 103.
Package epstopdf Info: Output file is already uptodate.

<./Figures/diffVRoot_7-eps-converted-to.pdf, id=514, 569.12625pt x 387.4475pt>
File: ./Figures/diffVRoot_7-eps-converted-to.pdf Graphic file (type pdf)

<use ./Figures/diffVRoot_7-eps-converted-to.pdf>
Package pdftex.def Info: ./Figures/diffVRoot_7-eps-converted-to.pdf used on inp
ut line 103.
(pdftex.def)             Requested size: 219.41275pt x 149.3717pt.


LaTeX Warning: `h' float specifier changed to `ht'.

Package epstopdf Info: Source file: <./Figures/diffWMean_6.eps>
(epstopdf)                    date: 2018-11-26 18:21:26
(epstopdf)                    size: 42997 bytes
(epstopdf)             Output file: <./Figures/diffWMean_6-eps-converted-to.pdf
>
(epstopdf)                    date: 2018-11-26 18:21:26
(epstopdf)                    size: 186963 bytes
(epstopdf)             Command: <repstopdf --outfile=./Figures/diffWMean_6-eps-
converted-to.pdf ./Figures/diffWMean_6.eps>
(epstopdf)             \includegraphics on input line 116.
Package epstopdf Info: Output file is already uptodate.

<./Figures/diffWMean_6-eps-converted-to.pdf, id=515, 569.12625pt x 387.4475pt>
File: ./Figures/diffWMean_6-eps-converted-to.pdf Graphic file (type pdf)

<use ./Figures/diffWMean_6-eps-converted-to.pdf>
Package pdftex.def Info: ./Figures/diffWMean_6-eps-converted-to.pdf used on inp
ut line 116.
(pdftex.def)             Requested size: 219.41275pt x 149.3717pt.
Package epstopdf Info: Source file: <./Figures/diffWRoot_6.eps>
(epstopdf)                    date: 2018-11-26 18:21:26
(epstopdf)                    size: 43040 bytes
(epstopdf)             Output file: <./Figures/diffWRoot_6-eps-converted-to.pdf
>
(epstopdf)                    date: 2018-11-26 18:21:26
(epstopdf)                    size: 181971 bytes
(epstopdf)             Command: <repstopdf --outfile=./Figures/diffWRoot_6-eps-
converted-to.pdf ./Figures/diffWRoot_6.eps>
(epstopdf)             \includegraphics on input line 123.
Package epstopdf Info: Output file is already uptodate.

<./Figures/diffWRoot_6-eps-converted-to.pdf, id=516, 569.12625pt x 387.4475pt>
File: ./Figures/diffWRoot_6-eps-converted-to.pdf Graphic file (type pdf)

<use ./Figures/diffWRoot_6-eps-converted-to.pdf>
Package pdftex.def Info: ./Figures/diffWRoot_6-eps-converted-to.pdf used on inp
ut line 123.
(pdftex.def)             Requested size: 219.41275pt x 149.3717pt.
Package epstopdf Info: Source file: <./Figures/diffWMean_7.eps>
(epstopdf)                    date: 2018-11-26 18:21:26
(epstopdf)                    size: 14699 bytes
(epstopdf)             Output file: <./Figures/diffWMean_7-eps-converted-to.pdf
>
(epstopdf)                    date: 2018-11-26 18:21:26
(epstopdf)                    size: 44653 bytes
(epstopdf)             Command: <repstopdf --outfile=./Figures/diffWMean_7-eps-
converted-to.pdf ./Figures/diffWMean_7.eps>
(epstopdf)             \includegraphics on input line 130.
Package epstopdf Info: Output file is already uptodate.

<./Figures/diffWMean_7-eps-converted-to.pdf, id=517, 569.12625pt x 387.4475pt>
File: ./Figures/diffWMean_7-eps-converted-to.pdf Graphic file (type pdf)

<use ./Figures/diffWMean_7-eps-converted-to.pdf>
Package pdftex.def Info: ./Figures/diffWMean_7-eps-converted-to.pdf used on inp
ut line 130.
(pdftex.def)             Requested size: 219.41275pt x 149.3717pt.
Package epstopdf Info: Source file: <./Figures/diffWRoot_7.eps>
(epstopdf)                    date: 2018-11-26 18:21:26
(epstopdf)                    size: 14977 bytes
(epstopdf)             Output file: <./Figures/diffWRoot_7-eps-converted-to.pdf
>
(epstopdf)                    date: 2018-11-26 18:21:26
(epstopdf)                    size: 45031 bytes
(epstopdf)             Command: <repstopdf --outfile=./Figures/diffWRoot_7-eps-
converted-to.pdf ./Figures/diffWRoot_7.eps>
(epstopdf)             \includegraphics on input line 137.
Package epstopdf Info: Output file is already uptodate.

<./Figures/diffWRoot_7-eps-converted-to.pdf, id=518, 569.12625pt x 387.4475pt>
File: ./Figures/diffWRoot_7-eps-converted-to.pdf Graphic file (type pdf)

<use ./Figures/diffWRoot_7-eps-converted-to.pdf>
Package pdftex.def Info: ./Figures/diffWRoot_7-eps-converted-to.pdf used on inp
ut line 137.
(pdftex.def)             Requested size: 219.41275pt x 149.3717pt.


LaTeX Warning: `h' float specifier changed to `ht'.

[46

 <./Figures/diffUMean_6-eps-converted-to.pdf> <./Figures/diffURoot_6-eps-conver
ted-to.pdf> <./Figures/diffUMean_7-eps-converted-to.pdf> <./Figures/diffURoot_7
-eps-converted-to.pdf>] [47 <./Figures/diffVMean_6-eps-converted-to.pdf> <./Fig
ures/diffVRoot_6-eps-converted-to.pdf> <./Figures/diffVMean_7-eps-converted-to.
pdf> <./Figures/diffVRoot_7-eps-converted-to.pdf>] [48 <./Figures/diffWMean_6-e
ps-converted-to.pdf> <./Figures/diffWRoot_6-eps-converted-to.pdf> <./Figures/di
ffWMean_7-eps-converted-to.pdf> <./Figures/diffWRoot_7-eps-converted-to.pdf>]) 
(./systematics.tex

Package caption Warning: \label without proper \caption on input line 51.
See the caption package documentation for explanation.


LaTeX Warning: Reference `sysTab1' on page 49 undefined on input line 30.


LaTeX Warning: Reference `fig:lanVgaus4416' on page 49 undefined on input line 
31.

Package epstopdf Info: Source file: <./Figures/lanVgausU-mod6sec5-4416.eps>
(epstopdf)                    date: 2018-11-26 18:21:26
(epstopdf)                    size: 14082 bytes
(epstopdf)             Output file: <./Figures/lanVgausU-mod6sec5-4416-eps-conv
erted-to.pdf>
(epstopdf)                    date: 2018-11-26 18:21:26
(epstopdf)                    size: 10629 bytes
(epstopdf)             Command: <repstopdf --outfile=./Figures/lanVgausU-mod6se
c5-4416-eps-converted-to.pdf ./Figures/lanVgausU-mod6sec5-4416.eps>
(epstopdf)             \includegraphics on input line 57.
Package epstopdf Info: Output file is already uptodate.


pdfTeX warning: pdflatex (file ./Figures/lanVgausU-mod6sec5-4416-eps-converted-
to.pdf): PDF inclusion: found PDF version <1.7>, but at most version <1.5> allo
wed

<./Figures/lanVgausU-mod6sec5-4416-eps-converted-to.pdf, id=637, 569.12625pt x 
429.605pt>
File: ./Figures/lanVgausU-mod6sec5-4416-eps-converted-to.pdf Graphic file (type
 pdf)
 <use ./Figures/lanVgausU-mod6sec5-4416-eps-converted-to.pdf>
Package pdftex.def Info: ./Figures/lanVgausU-mod6sec5-4416-eps-converted-to.pdf
 used on input line 57.
(pdftex.def)             Requested size: 239.3527pt x 180.6754pt.


LaTeX Warning: `h' float specifier changed to `ht'.

) (./Attenuation.tex [49

]

LaTeX Warning: `h' float specifier changed to `ht'.


LaTeX Warning: `h' float specifier changed to `ht'.


LaTeX Warning: `h' float specifier changed to `ht'.

[50 <./Figures/lanVgausU-mod6sec5-4416-eps-converted-to.pdf>] [51] [52]
[53]

LaTeX Warning: `h' float specifier changed to `ht'.

[54]

LaTeX Warning: `h' float specifier changed to `ht'.


LaTeX Warning: `h' float specifier changed to `ht'.


LaTeX Warning: `h' float specifier changed to `ht'.

[55] [56] [57]

LaTeX Warning: `h' float specifier changed to `ht'.

[58]

LaTeX Warning: `h' float specifier changed to `ht'.


LaTeX Warning: `h' float specifier changed to `ht'.


LaTeX Warning: `h' float specifier changed to `ht'.

[59] [60] [61]

LaTeX Warning: `h' float specifier changed to `ht'.

[62]

LaTeX Warning: `h' float specifier changed to `ht'.


LaTeX Warning: `h' float specifier changed to `ht'.


LaTeX Warning: `h' float specifier changed to `ht'.

[63] [64] [65]

LaTeX Warning: `h' float specifier changed to `ht'.

[66]

LaTeX Warning: `h' float specifier changed to `ht'.


LaTeX Warning: `h' float specifier changed to `ht'.


LaTeX Warning: `h' float specifier changed to `ht'.

[67] [68] [69]

LaTeX Warning: `h' float specifier changed to `ht'.

[70]

LaTeX Warning: `h' float specifier changed to `ht'.


LaTeX Warning: `h' float specifier changed to `ht'.


LaTeX Warning: `h' float specifier changed to `ht'.

[71] [72] [73]

LaTeX Warning: `h' float specifier changed to `ht'.

[74]

LaTeX Warning: `h' float specifier changed to `ht'.


LaTeX Warning: `h' float specifier changed to `ht'.


LaTeX Warning: `h' float specifier changed to `ht'.

[75] [76] [77]

LaTeX Warning: `h' float specifier changed to `ht'.

[78]

LaTeX Warning: `h' float specifier changed to `ht'.


LaTeX Warning: `h' float specifier changed to `ht'.


LaTeX Warning: `h' float specifier changed to `ht'.

[79] [80] [81]

LaTeX Warning: `h' float specifier changed to `ht'.

) (./Bibliography.tex [82]) [83
















] (./pcalnote.aux)

LaTeX Warning: There were undefined references.


LaTeX Warning: There were multiply-defined labels.

 ) 
Here is how much of TeX's memory you used:
 5391 strings out of 493089
 90012 string characters out of 6134842
 212562 words of memory out of 5000000
 8618 multiletter control sequences out of 15000+600000
 10312 words of font info for 38 fonts, out of 8000000 for 9000
 1141 hyphenation exceptions out of 8191
 42i,12n,38p,831b,459s stack positions out of 5000i,500n,10000p,200000b,80000s
</usr/local/texlive/2015/texmf-dist/fonts/type1/public/amsfonts/cm/cmbx10.pfb
></usr/local/texlive/2015/texmf-dist/fonts/type1/public/amsfonts/cm/cmbx12.pfb>
</usr/local/texlive/2015/texmf-dist/fonts/type1/public/amsfonts/cm/cmbx9.pfb></
usr/local/texlive/2015/texmf-dist/fonts/type1/public/amsfonts/cm/cmex10.pfb></u
sr/local/texlive/2015/texmf-dist/fonts/type1/public/amsfonts/cm/cmitt10.pfb></u
sr/local/texlive/2015/texmf-dist/fonts/type1/public/amsfonts/cm/cmmi10.pfb></us
r/local/texlive/2015/texmf-dist/fonts/type1/public/amsfonts/cm/cmmi5.pfb></usr/
local/texlive/2015/texmf-dist/fonts/type1/public/amsfonts/cm/cmmi7.pfb></usr/lo
cal/texlive/2015/texmf-dist/fonts/type1/public/amsfonts/cm/cmr10.pfb></usr/loca
l/texlive/2015/texmf-dist/fonts/type1/public/amsfonts/cm/cmr12.pfb></usr/local/
texlive/2015/texmf-dist/fonts/type1/public/amsfonts/cm/cmr17.pfb></usr/local/te
xlive/2015/texmf-dist/fonts/type1/public/amsfonts/cm/cmr7.pfb></usr/local/texli
ve/2015/texmf-dist/fonts/type1/public/amsfonts/cm/cmr9.pfb></usr/local/texlive/
2015/texmf-dist/fonts/type1/public/amsfonts/cm/cmsy10.pfb></usr/local/texlive/2
015/texmf-dist/fonts/type1/public/amsfonts/cm/cmti10.pfb></usr/local/texlive/20
15/texmf-dist/fonts/type1/public/amsfonts/cm/cmtt10.pfb>
Output written on pcalnote.pdf (83 pages, 14750666 bytes).
PDF statistics:
 817 PDF objects out of 1000 (max. 8388607)
 496 compressed objects within 5 object streams
 0 named destinations out of 1000 (max. 500000)
 651 words of extra memory for PDF output out of 10000 (max. 10000000)

